<?xml version="1.0" encoding="UTF-8"?>
<testsuite xmlns:xsi="http://www.w3.org/2001/XMLSchema-instance" xsi:noNamespaceSchemaLocation="https://maven.apache.org/surefire/maven-surefire-plugin/xsd/surefire-test-report-3.0.xsd" version="3.0" name="com.payroll.UIHelperTest" time="0.132" tests="2" errors="0" skipped="0" failures="0">
  <properties>
[...]
</properties>
  <testcase name="setUIFont_doesNotThrow_whenCalledMultipleTimes" classname="com.payroll.UIHelperTest" time="0.126"/>
  <testcase name="setUIFont_replacesAllFontUIResourceEntriesWithGivenFont" classname="com.payroll.UIHelperTest" time="0.004"/>
</testsuite>