<?xml version="1.0" encoding="UTF-8"?>
<testsuite xmlns:xsi="http://www.w3.org/2001/XMLSchema-instance" xsi:noNamespaceSchemaLocation="https://maven.apache.org/surefire/maven-surefire-plugin/xsd/surefire-test-report-3.0.xsd" version="3.0" name="com.payroll.cucumber.RunCucumberTest" time="3.491" tests="85" errors="0" skipped="0" failures="0">
  <properties>
[...]
</properties>
  <testcase name="Zero amount converts to &quot;Zero Dollars&quot;" classname="Amount to Words Conversion" time="0.171">
    <system-out><![CDATA[
Scenario: Zero amount converts to "Zero Dollars" &amp#27;[90m# features/amount_to_words.feature:6&amp#27;[0m
  &amp#27;[32mWhen &amp#27;[0m&amp#27;[32mI convert the amount &amp#27;[0m&amp#27;[32m&amp#27;[1m0&amp#27;[0m&amp#27;[32m to words&amp#27;[0m           &amp#27;[90m# com.payroll.cucumber.AmountToWordsSteps.iConvertTheAmountToWords(double)&amp#27;[0m
  &amp#27;[32mThen &amp#27;[0m&amp#27;[32mthe result should be &amp#27;[0m&amp#27;[32m&amp#27;[1m"Zero Dollars"&amp#27;[0m       &amp#27;[90m# com.payroll.cucumber.AmountToWordsSteps.theResultShouldBe(java.lang.String)&amp#27;[0m
]]></system-out>
  </testcase>
  <testcase name="Whole dollar amount converts without cents" classname="Amount to Words Conversion" time="0.023">
    <system-out><![CDATA[
Scenario: Whole dollar amount converts without cents &amp#27;[90m# features/amount_to_words.feature:10&amp#27;[0m
  &amp#27;[32mWhen &amp#27;[0m&amp#27;[32mI convert the amount &amp#27;[0m&amp#27;[32m&amp#27;[1m100&amp#27;[0m&amp#27;[32m to words&amp#27;[0m             &amp#27;[90m# com.payroll.cucumber.AmountToWordsSteps.iConvertTheAmountToWords(double)&amp#27;[0m
  &amp#27;[32mThen &amp#27;[0m&amp#27;[32mthe result should be &amp#27;[0m&amp#27;[32m&amp#27;[1m"One Hundred Dollars"&amp#27;[0m    &amp#27;[90m# com.payroll.cucumber.AmountToWordsSteps.theResultShouldBe(java.lang.String)&amp#27;[0m
]]></system-out>
  </testcase>
  <testcase name="Amount with cents includes &quot;and ... Cents&quot;" classname="Amount to Words Conversion" time="0.041">
    <system-out><![CDATA[
Scenario: Amount with cents includes "and ... Cents"                                           &amp#27;[90m# features/amount_to_words.feature:14&amp#27;[0m
  &amp#27;[32mWhen &amp#27;[0m&amp#27;[32mI convert the amount &amp#27;[0m&amp#27;[32m&amp#27;[1m1234.56&amp#27;[0m&amp#27;[32m to words&amp#27;[0m                                                   &amp#27;[90m# com.payroll.cucumber.AmountToWordsSteps.iConvertTheAmountToWords(double)&amp#27;[0m
  &amp#27;[32mThen &amp#27;[0m&amp#27;[32mthe result should be &amp#27;[0m&amp#27;[32m&amp#27;[1m"One Thousand Two Hundred Thirty Four Dollars and Fifty Six Cents"&amp#27;[0m &amp#27;[90m# com.payroll.cucumber.AmountToWordsSteps.theResultShouldBe(java.lang.String)&amp#27;[0m
]]></system-out>
  </testcase>
  <testcase name="Negative amount throws an exception" classname="Amount to Words Conversion" time="0.014">
    <system-out><![CDATA[
Scenario: Negative amount throws an exception                         &amp#27;[90m# features/amount_to_words.feature:29&amp#27;[0m
  &amp#27;[32mWhen &amp#27;[0m&amp#27;[32mI convert the amount &amp#27;[0m&amp#27;[32m&amp#27;[1m-50&amp#27;[0m&amp#27;[32m to words&amp#27;[0m                              &amp#27;[90m# com.payroll.cucumber.AmountToWordsSteps.iConvertTheAmountToWords(double)&amp#27;[0m
  &amp#27;[32mThen &amp#27;[0m&amp#27;[32man amount conversion IllegalArgumentException should be thrown&amp#27;[0m &amp#27;[90m# com.payroll.cucumber.AmountToWordsSteps.anIllegalArgumentExceptionShouldBeThrown()&amp#27;[0m
]]></system-out>
  </testcase>
  <testcase name="Rounding edge case rounds cents up to the next dollar" classname="Amount to Words Conversion" time="0.01">
    <system-out><![CDATA[
Scenario: Rounding edge case rounds cents up to the next dollar &amp#27;[90m# features/amount_to_words.feature:42&amp#27;[0m
  &amp#27;[32mWhen &amp#27;[0m&amp#27;[32mI convert the amount &amp#27;[0m&amp#27;[32m&amp#27;[1m12.999&amp#27;[0m&amp#27;[32m to words&amp#27;[0m                     &amp#27;[90m# com.payroll.cucumber.AmountToWordsSteps.iConvertTheAmountToWords(double)&amp#27;[0m
  &amp#27;[32mThen &amp#27;[0m&amp#27;[32mthe result should be &amp#27;[0m&amp#27;[32m&amp#27;[1m"Thirteen Dollars"&amp#27;[0m                  &amp#27;[90m# com.payroll.cucumber.AmountToWordsSteps.theResultShouldBe(java.lang.String)&amp#27;[0m
]]></system-out>
  </testcase>
  <testcase name="Example #1.1" classname="Examples" time="0.031">
    <system-out><![CDATA[
Scenario Outline: Hundred, Thousand, Million and Billion boundaries &amp#27;[90m# features/amount_to_words.feature:24&amp#27;[0m
  &amp#27;[32mWhen &amp#27;[0m&amp#27;[32mI convert the amount &amp#27;[0m&amp#27;[32m&amp#27;[1m100&amp#27;[0m&amp#27;[32m to words&amp#27;[0m                            &amp#27;[90m# com.payroll.cucumber.AmountToWordsSteps.iConvertTheAmountToWords(double)&amp#27;[0m
  &amp#27;[32mThen &amp#27;[0m&amp#27;[32mthe result should be &amp#27;[0m&amp#27;[32m&amp#27;[1m"One Hundred Dollars"&amp#27;[0m                   &amp#27;[90m# com.payroll.cucumber.AmountToWordsSteps.theResultShouldBe(java.lang.String)&amp#27;[0m
]]></system-out>
  </testcase>
  <testcase name="Example #1.1" classname="Examples" time="0.013">
    <system-out><![CDATA[
Scenario Outline: Two-digit numbers convert correctly &amp#27;[90m# features/amount_to_words.feature:39&amp#27;[0m
  &amp#27;[32mWhen &amp#27;[0m&amp#27;[32mI convert the amount &amp#27;[0m&amp#27;[32m&amp#27;[1m42&amp#27;[0m&amp#27;[32m to words&amp#27;[0m               &amp#27;[90m# com.payroll.cucumber.AmountToWordsSteps.iConvertTheAmountToWords(double)&amp#27;[0m
  &amp#27;[32mThen &amp#27;[0m&amp#27;[32mthe result should be &amp#27;[0m&amp#27;[32m&amp#27;[1m"Forty Two Dollars"&amp#27;[0m       &amp#27;[90m# com.payroll.cucumber.AmountToWordsSteps.theResultShouldBe(java.lang.String)&amp#27;[0m
]]></system-out>
  </testcase>
  <testcase name="Example #1.1" classname="Examples" time="0.036">
    <system-out><![CDATA[
Scenario Outline: Validating employee names &amp#27;[90m# features/employee_form_validation.feature:16&amp#27;[0m
  &amp#27;[32mWhen &amp#27;[0m&amp#27;[32mI validate the name &amp#27;[0m&amp#27;[32m&amp#27;[1m"John"&amp#27;[0m           &amp#27;[90m# com.payroll.cucumber.EmployeeFormValidatorSteps.iValidateTheName(java.lang.String)&amp#27;[0m
  &amp#27;[32mThen &amp#27;[0m&amp#27;[32mthe name should be considered valid&amp#27;[0m  &amp#27;[90m# com.payroll.cucumber.EmployeeFormValidatorSteps.theNameShouldBeConsideredValid()&amp#27;[0m
]]></system-out>
  </testcase>
  <testcase name="Example #1.1" classname="Examples" time="0.012">
    <system-out><![CDATA[
Scenario Outline: Validating contact numbers         &amp#27;[90m# features/employee_form_validation.feature:35&amp#27;[0m
  &amp#27;[32mWhen &amp#27;[0m&amp#27;[32mI validate the contact number &amp#27;[0m&amp#27;[32m&amp#27;[1m"01712345678"&amp#27;[0m   &amp#27;[90m# com.payroll.cucumber.EmployeeFormValidatorSteps.iValidateTheContactNumber(java.lang.String)&amp#27;[0m
  &amp#27;[32mThen &amp#27;[0m&amp#27;[32mthe contact number should be considered valid&amp#27;[0m &amp#27;[90m# com.payroll.cucumber.EmployeeFormValidatorSteps.theContactNumberShouldBeConsideredValid()&amp#27;[0m
]]></system-out>
  </testcase>
  <testcase name="Example #1.1" classname="Examples" time="0.011">
    <system-out><![CDATA[
Scenario Outline: Validating bank account numbers    &amp#27;[90m# features/employee_form_validation.feature:52&amp#27;[0m
  &amp#27;[32mWhen &amp#27;[0m&amp#27;[32mI validate the account number &amp#27;[0m&amp#27;[32m&amp#27;[1m"1234"&amp#27;[0m          &amp#27;[90m# com.payroll.cucumber.EmployeeFormValidatorSteps.iValidateTheAccountNumber(java.lang.String)&amp#27;[0m
  &amp#27;[32mThen &amp#27;[0m&amp#27;[32mthe account number should be considered valid&amp#27;[0m &amp#27;[90m# com.payroll.cucumber.EmployeeFormValidatorSteps.theAccountNumberShouldBeConsideredValid()&amp#27;[0m
]]></system-out>
  </testcase>
  <testcase name="Example #1.1" classname="Examples" time="0.031">
    <system-out><![CDATA[
Scenario Outline: Converting input dates to SQL date format &amp#27;[90m# features/employee_form_validation.feature:68&amp#27;[0m
  &amp#27;[32mWhen &amp#27;[0m&amp#27;[32mI convert the input date &amp#27;[0m&amp#27;[32m&amp#27;[1m"11/15/2025"&amp#27;[0m&amp#27;[32m to SQL format&amp#27;[0m  &amp#27;[90m# com.payroll.cucumber.EmployeeFormValidatorSteps.iConvertTheInputDateToSqlFormat(java.lang.String)&amp#27;[0m
  &amp#27;[32mThen &amp#27;[0m&amp#27;[32mthe SQL date should be &amp#27;[0m&amp#27;[32m&amp#27;[1m"2025-11-15"&amp#27;[0m                  &amp#27;[90m# com.payroll.cucumber.EmployeeFormValidatorSteps.theSqlDateShouldBe(java.lang.String)&amp#27;[0m
]]></system-out>
  </testcase>
  <testcase name="Example #1.1" classname="Examples" time="0.013">
    <system-out><![CDATA[
Scenario Outline: Converting an invalid input date raises an error &amp#27;[90m# features/employee_form_validation.feature:78&amp#27;[0m
  &amp#27;[32mWhen &amp#27;[0m&amp#27;[32mI convert the input date &amp#27;[0m&amp#27;[32m&amp#27;[1m"2025-11-15"&amp#27;[0m&amp#27;[32m to SQL format&amp#27;[0m         &amp#27;[90m# com.payroll.cucumber.EmployeeFormValidatorSteps.iConvertTheInputDateToSqlFormat(java.lang.String)&amp#27;[0m
  &amp#27;[32mThen &amp#27;[0m&amp#27;[32ma date conversion error should occur&amp#27;[0m                        &amp#27;[90m# com.payroll.cucumber.EmployeeFormValidatorSteps.aDateConversionErrorShouldOccur()&amp#27;[0m
]]></system-out>
  </testcase>
  <testcase name="Example #1.1" classname="Examples" time="0.008">
    <system-out><![CDATA[
Scenario Outline: Updating the salary field &amp#27;[90m# features/employees_model.feature:38&amp#27;[0m
  &amp#27;[32mGiven &amp#27;[0m&amp#27;[32ma new employee record&amp#27;[0m               &amp#27;[90m# com.payroll.cucumber.EmployeesSteps.aNewEmployeeRecord()&amp#27;[0m
  &amp#27;[32mWhen &amp#27;[0m&amp#27;[32mI set the salary to &amp#27;[0m&amp#27;[32m&amp#27;[1m0.0&amp#27;[0m              &amp#27;[90m# com.payroll.cucumber.EmployeesSteps.iSetTheSalaryTo(double)&amp#27;[0m
  &amp#27;[32mThen &amp#27;[0m&amp#27;[32mthe salary should be &amp#27;[0m&amp#27;[32m&amp#27;[1m0.0&amp#27;[0m             &amp#27;[90m# com.payroll.cucumber.EmployeesSteps.theSalaryShouldBe(double)&amp#27;[0m
]]></system-out>
  </testcase>
  <testcase name="Example #1.1" classname="Examples" time="0.01">
    <system-out><![CDATA[
Scenario Outline: Login attempts                                        &amp#27;[90m# features/login_auth.feature:12&amp#27;[0m
  &amp#27;[32mWhen &amp#27;[0m&amp#27;[32mI attempt to login with username &amp#27;[0m&amp#27;[32m&amp#27;[1m"admin"&amp#27;[0m&amp#27;[32m and password &amp#27;[0m&amp#27;[32m&amp#27;[1m"admin123"&amp#27;[0m &amp#27;[90m# com.payroll.cucumber.AuthServiceSteps.iAttemptToLoginWithUsernameAndPassword(java.lang.String,java.lang.String)&amp#27;[0m
  &amp#27;[32mThen &amp#27;[0m&amp#27;[32mthe login should be successful&amp#27;[0m                                   &amp#27;[90m# com.payroll.cucumber.AuthServiceSteps.theLoginShouldBeSuccessful()&amp#27;[0m
]]></system-out>
  </testcase>
  <testcase name="Example #1.1" classname="Examples" time="0.022">
    <system-out><![CDATA[
Scenario Outline: Negative inputs are rejected             &amp#27;[90m# features/payroll_calculator.feature:82&amp#27;[0m
  &amp#27;[32mGiven &amp#27;[0m&amp#27;[32ma pay rate of &amp#27;[0m&amp#27;[32m&amp#27;[1m10.0&amp#27;[0m&amp#27;[32m per hour&amp#27;[0m                        &amp#27;[90m# com.payroll.cucumber.PayrollCalculatorSteps.aPayRateOfPerHour(double)&amp#27;[0m
  &amp#27;[32mGiven &amp#27;[0m&amp#27;[32ma pay rate of &amp#27;[0m&amp#27;[32m&amp#27;[1m-1&amp#27;[0m                                   &amp#27;[90m# com.payroll.cucumber.PayrollCalculatorSteps.aPayRateOf(double)&amp#27;[0m
  &amp#27;[32mAnd &amp#27;[0m&amp#27;[32mthe total hours worked is &amp#27;[0m&amp#27;[32m&amp#27;[1m0&amp#27;[0m                          &amp#27;[90m# com.payroll.cucumber.PayrollCalculatorSteps.theTotalHoursWorkedIs(double)&amp#27;[0m
  &amp#27;[32mAnd &amp#27;[0m&amp#27;[32movertime hours of &amp#27;[0m&amp#27;[32m&amp#27;[1m0&amp#27;[0m                                  &amp#27;[90m# com.payroll.cucumber.PayrollCalculatorSteps.overtimeHoursOf(double)&amp#27;[0m
  &amp#27;[32mAnd &amp#27;[0m&amp#27;[32mdoubletime hours of &amp#27;[0m&amp#27;[32m&amp#27;[1m0&amp#27;[0m                                &amp#27;[90m# com.payroll.cucumber.PayrollCalculatorSteps.doubletimeHoursOf(double)&amp#27;[0m
  &amp#27;[32mAnd &amp#27;[0m&amp#27;[32mextended hours of &amp#27;[0m&amp#27;[32m&amp#27;[1m0&amp#27;[0m                                  &amp#27;[90m# com.payroll.cucumber.PayrollCalculatorSteps.extendedHoursOf(double)&amp#27;[0m
  &amp#27;[32mAnd &amp#27;[0m&amp#27;[32mholiday paid hours of &amp#27;[0m&amp#27;[32m&amp#27;[1m0&amp#27;[0m                              &amp#27;[90m# com.payroll.cucumber.PayrollCalculatorSteps.holidayPaidHoursOf(double)&amp#27;[0m
  &amp#27;[32mAnd &amp#27;[0m&amp#27;[32mspecial work hours of &amp#27;[0m&amp#27;[32m&amp#27;[1m0&amp#27;[0m                              &amp#27;[90m# com.payroll.cucumber.PayrollCalculatorSteps.specialWorkHoursOf(double)&amp#27;[0m
  &amp#27;[32mAnd &amp#27;[0m&amp#27;[32ma bonus amount of &amp#27;[0m&amp#27;[32m&amp#27;[1m0&amp#27;[0m                                  &amp#27;[90m# com.payroll.cucumber.PayrollCalculatorSteps.aBonusAmountOf(double)&amp#27;[0m
  &amp#27;[32mWhen &amp#27;[0m&amp#27;[32mI calculate the payroll&amp#27;[0m                             &amp#27;[90m# com.payroll.cucumber.PayrollCalculatorSteps.iCalculateThePayroll()&amp#27;[0m
  &amp#27;[32mThen &amp#27;[0m&amp#27;[32ma payroll IllegalArgumentException should be thrown&amp#27;[0m &amp#27;[90m# com.payroll.cucumber.PayrollCalculatorSteps.anIllegalArgumentExceptionShouldBeThrown()&amp#27;[0m
]]></system-out>
  </testcase>
  <testcase name="Example #1.1" classname="Examples" time="0.009">
    <system-out><![CDATA[
Scenario Outline: Converting pay date to SQL format      &amp#27;[90m# features/payslip_formatting.feature:12&amp#27;[0m
  &amp#27;[32mWhen &amp#27;[0m&amp#27;[32mI convert the pay date &amp#27;[0m&amp#27;[32m&amp#27;[1m"10/11/2025"&amp#27;[0m&amp#27;[32m to SQL format&amp#27;[0m &amp#27;[90m# com.payroll.cucumber.PayslipFormatterSteps.iConvertThePayDateToSqlFormat(java.lang.String)&amp#27;[0m
  &amp#27;[32mThen &amp#27;[0m&amp#27;[32mthe payslip SQL date should be &amp#27;[0m&amp#27;[32m&amp#27;[1m"2025-10-11"&amp#27;[0m       &amp#27;[90m# com.payroll.cucumber.PayslipFormatterSteps.thePayslipSqlDateShouldBe(java.lang.String)&amp#27;[0m
]]></system-out>
  </testcase>
  <testcase name="Example #1.1" classname="Examples" time="0.007">
    <system-out><![CDATA[
Scenario Outline: Rejecting invalid pay dates            &amp#27;[90m# features/payslip_formatting.feature:21&amp#27;[0m
  &amp#27;[32mWhen &amp#27;[0m&amp#27;[32mI convert the pay date &amp#27;[0m&amp#27;[32m&amp#27;[1m"2025-10-11"&amp#27;[0m&amp#27;[32m to SQL format&amp#27;[0m &amp#27;[90m# com.payroll.cucumber.PayslipFormatterSteps.iConvertThePayDateToSqlFormat(java.lang.String)&amp#27;[0m
  &amp#27;[32mThen &amp#27;[0m&amp#27;[32ma payslip date conversion error should occur&amp#27;[0m      &amp#27;[90m# com.payroll.cucumber.PayslipFormatterSteps.aPayslipDateConversionErrorShouldOccur()&amp#27;[0m
]]></system-out>
  </testcase>
  <testcase name="Example #1.1" classname="Examples" time="0.009">
    <system-out><![CDATA[
Scenario Outline: Formatting amount-in-words for the cheque             &amp#27;[90m# features/payslip_formatting.feature:31&amp#27;[0m
  &amp#27;[32mWhen &amp#27;[0m&amp#27;[32mI format the cheque words for &amp#27;[0m&amp#27;[32m&amp#27;[1m"one thousand two hundred dollars"&amp#27;[0m &amp#27;[90m# com.payroll.cucumber.PayslipFormatterSteps.iFormatTheChequeWordsFor(java.lang.String)&amp#27;[0m
  &amp#27;[32mThen &amp#27;[0m&amp#27;[32mthe cheque words should be &amp#27;[0m&amp#27;[32m&amp#27;[1m"ONE THOUSAND TWO HUNDRED"&amp#27;[0m            &amp#27;[90m# com.payroll.cucumber.PayslipFormatterSteps.theChequeWordsShouldBe(java.lang.String)&amp#27;[0m
]]></system-out>
  </testcase>
  <testcase name="Example #1.1" classname="Examples" time="0.028">
    <system-out><![CDATA[
Scenario Outline: Detecting numeric Employee ID vs name keyword        &amp#27;[90m# features/search_employee.feature:12&amp#27;[0m
  &amp#27;[32mWhen &amp#27;[0m&amp#27;[32mI check whether the search keyword &amp#27;[0m&amp#27;[32m&amp#27;[1m"1"&amp#27;[0m&amp#27;[32m is a numeric Employee ID&amp#27;[0m &amp#27;[90m# com.payroll.cucumber.SearchQueryHelperSteps.iCheckWhetherTheSearchKeywordIsNumeric(java.lang.String)&amp#27;[0m
  &amp#27;[32mThen &amp#27;[0m&amp#27;[32mit should be considered numeric&amp#27;[0m                                 &amp#27;[90m# com.payroll.cucumber.SearchQueryHelperSteps.itShouldBeConsideredNumeric()&amp#27;[0m
]]></system-out>
  </testcase>
  <testcase name="Example #1.1" classname="Examples" time="0.008">
    <system-out><![CDATA[
Scenario Outline: Building the name search pattern        &amp#27;[90m# features/search_employee.feature:32&amp#27;[0m
  &amp#27;[32mWhen &amp#27;[0m&amp#27;[32mI build the name search pattern for keyword &amp#27;[0m&amp#27;[32m&amp#27;[1m"john"&amp#27;[0m &amp#27;[90m# com.payroll.cucumber.SearchQueryHelperSteps.iBuildTheNameSearchPatternForKeyword(java.lang.String)&amp#27;[0m
  &amp#27;[32mThen &amp#27;[0m&amp#27;[32mthe pattern should be &amp#27;[0m&amp#27;[32m&amp#27;[1m"%JOHN%"&amp#27;[0m                     &amp#27;[90m# com.payroll.cucumber.SearchQueryHelperSteps.thePatternShouldBe(java.lang.String)&amp#27;[0m
]]></system-out>
  </testcase>
  <testcase name="Example #1.2" classname="Examples" time="0.054">
    <system-out><![CDATA[
Scenario Outline: Hundred, Thousand, Million and Billion boundaries &amp#27;[90m# features/amount_to_words.feature:25&amp#27;[0m
  &amp#27;[32mWhen &amp#27;[0m&amp#27;[32mI convert the amount &amp#27;[0m&amp#27;[32m&amp#27;[1m1000&amp#27;[0m&amp#27;[32m to words&amp#27;[0m                           &amp#27;[90m# com.payroll.cucumber.AmountToWordsSteps.iConvertTheAmountToWords(double)&amp#27;[0m
  &amp#27;[32mThen &amp#27;[0m&amp#27;[32mthe result should be &amp#27;[0m&amp#27;[32m&amp#27;[1m"One Thousand Dollars"&amp#27;[0m                  &amp#27;[90m# com.payroll.cucumber.AmountToWordsSteps.theResultShouldBe(java.lang.String)&amp#27;[0m
]]></system-out>
  </testcase>
  <testcase name="Example #1.2" classname="Examples" time="0.04">
    <system-out><![CDATA[
Scenario Outline: Two-digit numbers convert correctly &amp#27;[90m# features/amount_to_words.feature:40&amp#27;[0m
  &amp#27;[32mWhen &amp#27;[0m&amp#27;[32mI convert the amount &amp#27;[0m&amp#27;[32m&amp#27;[1m19&amp#27;[0m&amp#27;[32m to words&amp#27;[0m               &amp#27;[90m# com.payroll.cucumber.AmountToWordsSteps.iConvertTheAmountToWords(double)&amp#27;[0m
  &amp#27;[32mThen &amp#27;[0m&amp#27;[32mthe result should be &amp#27;[0m&amp#27;[32m&amp#27;[1m"Nineteen Dollars"&amp#27;[0m        &amp#27;[90m# com.payroll.cucumber.AmountToWordsSteps.theResultShouldBe(java.lang.String)&amp#27;[0m
]]></system-out>
  </testcase>
  <testcase name="Example #1.2" classname="Examples" time="0.02">
    <system-out><![CDATA[
Scenario Outline: Validating employee names &amp#27;[90m# features/employee_form_validation.feature:17&amp#27;[0m
  &amp#27;[32mWhen &amp#27;[0m&amp#27;[32mI validate the name &amp#27;[0m&amp#27;[32m&amp#27;[1m"Anne-Marie"&amp#27;[0m     &amp#27;[90m# com.payroll.cucumber.EmployeeFormValidatorSteps.iValidateTheName(java.lang.String)&amp#27;[0m
  &amp#27;[32mThen &amp#27;[0m&amp#27;[32mthe name should be considered valid&amp#27;[0m  &amp#27;[90m# com.payroll.cucumber.EmployeeFormValidatorSteps.theNameShouldBeConsideredValid()&amp#27;[0m
]]></system-out>
  </testcase>
  <testcase name="Example #1.2" classname="Examples" time="0.008">
    <system-out><![CDATA[
Scenario Outline: Validating contact numbers          &amp#27;[90m# features/employee_form_validation.feature:36&amp#27;[0m
  &amp#27;[32mWhen &amp#27;[0m&amp#27;[32mI validate the contact number &amp#27;[0m&amp#27;[32m&amp#27;[1m"+8801712345678"&amp#27;[0m &amp#27;[90m# com.payroll.cucumber.EmployeeFormValidatorSteps.iValidateTheContactNumber(java.lang.String)&amp#27;[0m
  &amp#27;[32mThen &amp#27;[0m&amp#27;[32mthe contact number should be considered valid&amp#27;[0m  &amp#27;[90m# com.payroll.cucumber.EmployeeFormValidatorSteps.theContactNumberShouldBeConsideredValid()&amp#27;[0m
]]></system-out>
  </testcase>
  <testcase name="Example #1.2" classname="Examples" time="0.028">
    <system-out><![CDATA[
Scenario Outline: Validating bank account numbers                  &amp#27;[90m# features/employee_form_validation.feature:53&amp#27;[0m
  &amp#27;[32mWhen &amp#27;[0m&amp#27;[32mI validate the account number &amp#27;[0m&amp#27;[32m&amp#27;[1m"GB29-NWBK-6016-1331-9268-19"&amp#27;[0m &amp#27;[90m# com.payroll.cucumber.EmployeeFormValidatorSteps.iValidateTheAccountNumber(java.lang.String)&amp#27;[0m
  &amp#27;[32mThen &amp#27;[0m&amp#27;[32mthe account number should be considered valid&amp#27;[0m               &amp#27;[90m# com.payroll.cucumber.EmployeeFormValidatorSteps.theAccountNumberShouldBeConsideredValid()&amp#27;[0m
]]></system-out>
  </testcase>
  <testcase name="Example #1.2" classname="Examples" time="0.018">
    <system-out><![CDATA[
Scenario Outline: Converting input dates to SQL date format &amp#27;[90m# features/employee_form_validation.feature:69&amp#27;[0m
  &amp#27;[32mWhen &amp#27;[0m&amp#27;[32mI convert the input date &amp#27;[0m&amp#27;[32m&amp#27;[1m"01/01/2000"&amp#27;[0m&amp#27;[32m to SQL format&amp#27;[0m  &amp#27;[90m# com.payroll.cucumber.EmployeeFormValidatorSteps.iConvertTheInputDateToSqlFormat(java.lang.String)&amp#27;[0m
  &amp#27;[32mThen &amp#27;[0m&amp#27;[32mthe SQL date should be &amp#27;[0m&amp#27;[32m&amp#27;[1m"2000-01-01"&amp#27;[0m                  &amp#27;[90m# com.payroll.cucumber.EmployeeFormValidatorSteps.theSqlDateShouldBe(java.lang.String)&amp#27;[0m
]]></system-out>
  </testcase>
  <testcase name="Example #1.2" classname="Examples" time="0.022">
    <system-out><![CDATA[
Scenario Outline: Converting an invalid input date raises an error &amp#27;[90m# features/employee_form_validation.feature:79&amp#27;[0m
  &amp#27;[32mWhen &amp#27;[0m&amp#27;[32mI convert the input date &amp#27;[0m&amp#27;[32m&amp#27;[1m"13/01/2025"&amp#27;[0m&amp#27;[32m to SQL format&amp#27;[0m         &amp#27;[90m# com.payroll.cucumber.EmployeeFormValidatorSteps.iConvertTheInputDateToSqlFormat(java.lang.String)&amp#27;[0m
  &amp#27;[32mThen &amp#27;[0m&amp#27;[32ma date conversion error should occur&amp#27;[0m                        &amp#27;[90m# com.payroll.cucumber.EmployeeFormValidatorSteps.aDateConversionErrorShouldOccur()&amp#27;[0m
]]></system-out>
  </testcase>
  <testcase name="Example #1.2" classname="Examples" time="0.005">
    <system-out><![CDATA[
Scenario Outline: Updating the salary field &amp#27;[90m# features/employees_model.feature:39&amp#27;[0m
  &amp#27;[32mGiven &amp#27;[0m&amp#27;[32ma new employee record&amp#27;[0m               &amp#27;[90m# com.payroll.cucumber.EmployeesSteps.aNewEmployeeRecord()&amp#27;[0m
  &amp#27;[32mWhen &amp#27;[0m&amp#27;[32mI set the salary to &amp#27;[0m&amp#27;[32m&amp#27;[1m1000.0&amp#27;[0m           &amp#27;[90m# com.payroll.cucumber.EmployeesSteps.iSetTheSalaryTo(double)&amp#27;[0m
  &amp#27;[32mThen &amp#27;[0m&amp#27;[32mthe salary should be &amp#27;[0m&amp#27;[32m&amp#27;[1m1000.0&amp#27;[0m          &amp#27;[90m# com.payroll.cucumber.EmployeesSteps.theSalaryShouldBe(double)&amp#27;[0m
]]></system-out>
  </testcase>
  <testcase name="Example #1.2" classname="Examples" time="0.008">
    <system-out><![CDATA[
Scenario Outline: Login attempts                                         &amp#27;[90m# features/login_auth.feature:13&amp#27;[0m
  &amp#27;[32mWhen &amp#27;[0m&amp#27;[32mI attempt to login with username &amp#27;[0m&amp#27;[32m&amp#27;[1m"admin"&amp#27;[0m&amp#27;[32m and password &amp#27;[0m&amp#27;[32m&amp#27;[1m"wrongpass"&amp#27;[0m &amp#27;[90m# com.payroll.cucumber.AuthServiceSteps.iAttemptToLoginWithUsernameAndPassword(java.lang.String,java.lang.String)&amp#27;[0m
  &amp#27;[32mThen &amp#27;[0m&amp#27;[32mthe login should be unsuccessful&amp#27;[0m                                  &amp#27;[90m# com.payroll.cucumber.AuthServiceSteps.theLoginShouldBeUnsuccessful()&amp#27;[0m
]]></system-out>
  </testcase>
  <testcase name="Example #1.2" classname="Examples" time="0.064">
    <system-out><![CDATA[
Scenario Outline: Negative inputs are rejected             &amp#27;[90m# features/payroll_calculator.feature:83&amp#27;[0m
  &amp#27;[32mGiven &amp#27;[0m&amp#27;[32ma pay rate of &amp#27;[0m&amp#27;[32m&amp#27;[1m10.0&amp#27;[0m&amp#27;[32m per hour&amp#27;[0m                        &amp#27;[90m# com.payroll.cucumber.PayrollCalculatorSteps.aPayRateOfPerHour(double)&amp#27;[0m
  &amp#27;[32mGiven &amp#27;[0m&amp#27;[32ma pay rate of &amp#27;[0m&amp#27;[32m&amp#27;[1m10&amp#27;[0m                                   &amp#27;[90m# com.payroll.cucumber.PayrollCalculatorSteps.aPayRateOf(double)&amp#27;[0m
  &amp#27;[32mAnd &amp#27;[0m&amp#27;[32mthe total hours worked is &amp#27;[0m&amp#27;[32m&amp#27;[1m-1&amp#27;[0m                         &amp#27;[90m# com.payroll.cucumber.PayrollCalculatorSteps.theTotalHoursWorkedIs(double)&amp#27;[0m
  &amp#27;[32mAnd &amp#27;[0m&amp#27;[32movertime hours of &amp#27;[0m&amp#27;[32m&amp#27;[1m0&amp#27;[0m                                  &amp#27;[90m# com.payroll.cucumber.PayrollCalculatorSteps.overtimeHoursOf(double)&amp#27;[0m
  &amp#27;[32mAnd &amp#27;[0m&amp#27;[32mdoubletime hours of &amp#27;[0m&amp#27;[32m&amp#27;[1m0&amp#27;[0m                                &amp#27;[90m# com.payroll.cucumber.PayrollCalculatorSteps.doubletimeHoursOf(double)&amp#27;[0m
  &amp#27;[32mAnd &amp#27;[0m&amp#27;[32mextended hours of &amp#27;[0m&amp#27;[32m&amp#27;[1m0&amp#27;[0m                                  &amp#27;[90m# com.payroll.cucumber.PayrollCalculatorSteps.extendedHoursOf(double)&amp#27;[0m
  &amp#27;[32mAnd &amp#27;[0m&amp#27;[32mholiday paid hours of &amp#27;[0m&amp#27;[32m&amp#27;[1m0&amp#27;[0m                              &amp#27;[90m# com.payroll.cucumber.PayrollCalculatorSteps.holidayPaidHoursOf(double)&amp#27;[0m
  &amp#27;[32mAnd &amp#27;[0m&amp#27;[32mspecial work hours of &amp#27;[0m&amp#27;[32m&amp#27;[1m0&amp#27;[0m                              &amp#27;[90m# com.payroll.cucumber.PayrollCalculatorSteps.specialWorkHoursOf(double)&amp#27;[0m
  &amp#27;[32mAnd &amp#27;[0m&amp#27;[32ma bonus amount of &amp#27;[0m&amp#27;[32m&amp#27;[1m0&amp#27;[0m                                  &amp#27;[90m# com.payroll.cucumber.PayrollCalculatorSteps.aBonusAmountOf(double)&amp#27;[0m
  &amp#27;[32mWhen &amp#27;[0m&amp#27;[32mI calculate the payroll&amp#27;[0m                             &amp#27;[90m# com.payroll.cucumber.PayrollCalculatorSteps.iCalculateThePayroll()&amp#27;[0m
  &amp#27;[32mThen &amp#27;[0m&amp#27;[32ma payroll IllegalArgumentException should be thrown&amp#27;[0m &amp#27;[90m# com.payroll.cucumber.PayrollCalculatorSteps.anIllegalArgumentExceptionShouldBeThrown()&amp#27;[0m
]]></system-out>
  </testcase>
  <testcase name="Example #1.2" classname="Examples" time="0.009">
    <system-out><![CDATA[
Scenario Outline: Converting pay date to SQL format      &amp#27;[90m# features/payslip_formatting.feature:13&amp#27;[0m
  &amp#27;[32mWhen &amp#27;[0m&amp#27;[32mI convert the pay date &amp#27;[0m&amp#27;[32m&amp#27;[1m"01/01/2000"&amp#27;[0m&amp#27;[32m to SQL format&amp#27;[0m &amp#27;[90m# com.payroll.cucumber.PayslipFormatterSteps.iConvertThePayDateToSqlFormat(java.lang.String)&amp#27;[0m
  &amp#27;[32mThen &amp#27;[0m&amp#27;[32mthe payslip SQL date should be &amp#27;[0m&amp#27;[32m&amp#27;[1m"2000-01-01"&amp#27;[0m       &amp#27;[90m# com.payroll.cucumber.PayslipFormatterSteps.thePayslipSqlDateShouldBe(java.lang.String)&amp#27;[0m
]]></system-out>
  </testcase>
  <testcase name="Example #1.2" classname="Examples" time="0.034">
    <system-out><![CDATA[
Scenario Outline: Rejecting invalid pay dates            &amp#27;[90m# features/payslip_formatting.feature:22&amp#27;[0m
  &amp#27;[32mWhen &amp#27;[0m&amp#27;[32mI convert the pay date &amp#27;[0m&amp#27;[32m&amp#27;[1m"13/01/2025"&amp#27;[0m&amp#27;[32m to SQL format&amp#27;[0m &amp#27;[90m# com.payroll.cucumber.PayslipFormatterSteps.iConvertThePayDateToSqlFormat(java.lang.String)&amp#27;[0m
  &amp#27;[32mThen &amp#27;[0m&amp#27;[32ma payslip date conversion error should occur&amp#27;[0m      &amp#27;[90m# com.payroll.cucumber.PayslipFormatterSteps.aPayslipDateConversionErrorShouldOccur()&amp#27;[0m
]]></system-out>
  </testcase>
  <testcase name="Example #1.2" classname="Examples" time="0.017">
    <system-out><![CDATA[
Scenario Outline: Formatting amount-in-words for the cheque       &amp#27;[90m# features/payslip_formatting.feature:32&amp#27;[0m
  &amp#27;[32mWhen &amp#27;[0m&amp#27;[32mI format the cheque words for &amp#27;[0m&amp#27;[32m&amp#27;[1m"one dollar and fifty cents"&amp#27;[0m &amp#27;[90m# com.payroll.cucumber.PayslipFormatterSteps.iFormatTheChequeWordsFor(java.lang.String)&amp#27;[0m
  &amp#27;[32mThen &amp#27;[0m&amp#27;[32mthe cheque words should be &amp#27;[0m&amp#27;[32m&amp#27;[1m"ONE DOLLAR AND FIFTY/100"&amp#27;[0m      &amp#27;[90m# com.payroll.cucumber.PayslipFormatterSteps.theChequeWordsShouldBe(java.lang.String)&amp#27;[0m
]]></system-out>
  </testcase>
  <testcase name="Example #1.2" classname="Examples" time="0.006">
    <system-out><![CDATA[
Scenario Outline: Detecting numeric Employee ID vs name keyword           &amp#27;[90m# features/search_employee.feature:13&amp#27;[0m
  &amp#27;[32mWhen &amp#27;[0m&amp#27;[32mI check whether the search keyword &amp#27;[0m&amp#27;[32m&amp#27;[1m"0007"&amp#27;[0m&amp#27;[32m is a numeric Employee ID&amp#27;[0m &amp#27;[90m# com.payroll.cucumber.SearchQueryHelperSteps.iCheckWhetherTheSearchKeywordIsNumeric(java.lang.String)&amp#27;[0m
  &amp#27;[32mThen &amp#27;[0m&amp#27;[32mit should be considered numeric&amp#27;[0m                                    &amp#27;[90m# com.payroll.cucumber.SearchQueryHelperSteps.itShouldBeConsideredNumeric()&amp#27;[0m
]]></system-out>
  </testcase>
  <testcase name="Example #1.2" classname="Examples" time="0.008">
    <system-out><![CDATA[
Scenario Outline: Building the name search pattern    &amp#27;[90m# features/search_employee.feature:33&amp#27;[0m
  &amp#27;[32mWhen &amp#27;[0m&amp#27;[32mI build the name search pattern for keyword &amp#27;[0m&amp#27;[32m&amp#27;[1m""&amp#27;[0m &amp#27;[90m# com.payroll.cucumber.SearchQueryHelperSteps.iBuildTheNameSearchPatternForKeyword(java.lang.String)&amp#27;[0m
  &amp#27;[32mThen &amp#27;[0m&amp#27;[32mthe pattern should be &amp#27;[0m&amp#27;[32m&amp#27;[1m"%%"&amp#27;[0m                     &amp#27;[90m# com.payroll.cucumber.SearchQueryHelperSteps.thePatternShouldBe(java.lang.String)&amp#27;[0m
]]></system-out>
  </testcase>
  <testcase name="Example #1.3" classname="Examples" time="0.019">
    <system-out><![CDATA[
Scenario Outline: Hundred, Thousand, Million and Billion boundaries &amp#27;[90m# features/amount_to_words.feature:26&amp#27;[0m
  &amp#27;[32mWhen &amp#27;[0m&amp#27;[32mI convert the amount &amp#27;[0m&amp#27;[32m&amp#27;[1m1000000&amp#27;[0m&amp#27;[32m to words&amp#27;[0m                        &amp#27;[90m# com.payroll.cucumber.AmountToWordsSteps.iConvertTheAmountToWords(double)&amp#27;[0m
  &amp#27;[32mThen &amp#27;[0m&amp#27;[32mthe result should be &amp#27;[0m&amp#27;[32m&amp#27;[1m"One Million Dollars"&amp#27;[0m                   &amp#27;[90m# com.payroll.cucumber.AmountToWordsSteps.theResultShouldBe(java.lang.String)&amp#27;[0m
]]></system-out>
  </testcase>
  <testcase name="Example #1.3" classname="Examples" time="0.037">
    <system-out><![CDATA[
Scenario Outline: Validating employee names &amp#27;[90m# features/employee_form_validation.feature:18&amp#27;[0m
  &amp#27;[32mWhen &amp#27;[0m&amp#27;[32mI validate the name &amp#27;[0m&amp#27;[32m&amp#27;[1m"O'Brien"&amp#27;[0m        &amp#27;[90m# com.payroll.cucumber.EmployeeFormValidatorSteps.iValidateTheName(java.lang.String)&amp#27;[0m
  &amp#27;[32mThen &amp#27;[0m&amp#27;[32mthe name should be considered valid&amp#27;[0m  &amp#27;[90m# com.payroll.cucumber.EmployeeFormValidatorSteps.theNameShouldBeConsideredValid()&amp#27;[0m
]]></system-out>
  </testcase>
  <testcase name="Example #1.3" classname="Examples" time="0.011">
    <system-out><![CDATA[
Scenario Outline: Validating contact numbers         &amp#27;[90m# features/employee_form_validation.feature:37&amp#27;[0m
  &amp#27;[32mWhen &amp#27;[0m&amp#27;[32mI validate the contact number &amp#27;[0m&amp#27;[32m&amp#27;[1m"017-1234-5678"&amp#27;[0m &amp#27;[90m# com.payroll.cucumber.EmployeeFormValidatorSteps.iValidateTheContactNumber(java.lang.String)&amp#27;[0m
  &amp#27;[32mThen &amp#27;[0m&amp#27;[32mthe contact number should be considered valid&amp#27;[0m &amp#27;[90m# com.payroll.cucumber.EmployeeFormValidatorSteps.theContactNumberShouldBeConsideredValid()&amp#27;[0m
]]></system-out>
  </testcase>
  <testcase name="Example #1.3" classname="Examples" time="0.011">
    <system-out><![CDATA[
Scenario Outline: Validating bank account numbers    &amp#27;[90m# features/employee_form_validation.feature:54&amp#27;[0m
  &amp#27;[32mWhen &amp#27;[0m&amp#27;[32mI validate the account number &amp#27;[0m&amp#27;[32m&amp#27;[1m"ACC1234567890"&amp#27;[0m &amp#27;[90m# com.payroll.cucumber.EmployeeFormValidatorSteps.iValidateTheAccountNumber(java.lang.String)&amp#27;[0m
  &amp#27;[32mThen &amp#27;[0m&amp#27;[32mthe account number should be considered valid&amp#27;[0m &amp#27;[90m# com.payroll.cucumber.EmployeeFormValidatorSteps.theAccountNumberShouldBeConsideredValid()&amp#27;[0m
]]></system-out>
  </testcase>
  <testcase name="Example #1.3" classname="Examples" time="0.029">
    <system-out><![CDATA[
Scenario Outline: Converting input dates to SQL date format &amp#27;[90m# features/employee_form_validation.feature:70&amp#27;[0m
  &amp#27;[32mWhen &amp#27;[0m&amp#27;[32mI convert the input date &amp#27;[0m&amp#27;[32m&amp#27;[1m"12/31/1999"&amp#27;[0m&amp#27;[32m to SQL format&amp#27;[0m  &amp#27;[90m# com.payroll.cucumber.EmployeeFormValidatorSteps.iConvertTheInputDateToSqlFormat(java.lang.String)&amp#27;[0m
  &amp#27;[32mThen &amp#27;[0m&amp#27;[32mthe SQL date should be &amp#27;[0m&amp#27;[32m&amp#27;[1m"1999-12-31"&amp#27;[0m                  &amp#27;[90m# com.payroll.cucumber.EmployeeFormValidatorSteps.theSqlDateShouldBe(java.lang.String)&amp#27;[0m
]]></system-out>
  </testcase>
  <testcase name="Example #1.3" classname="Examples" time="0.007">
    <system-out><![CDATA[
Scenario Outline: Converting an invalid input date raises an error &amp#27;[90m# features/employee_form_validation.feature:80&amp#27;[0m
  &amp#27;[32mWhen &amp#27;[0m&amp#27;[32mI convert the input date &amp#27;[0m&amp#27;[32m&amp#27;[1m"11/31/2025"&amp#27;[0m&amp#27;[32m to SQL format&amp#27;[0m         &amp#27;[90m# com.payroll.cucumber.EmployeeFormValidatorSteps.iConvertTheInputDateToSqlFormat(java.lang.String)&amp#27;[0m
  &amp#27;[32mThen &amp#27;[0m&amp#27;[32ma date conversion error should occur&amp#27;[0m                        &amp#27;[90m# com.payroll.cucumber.EmployeeFormValidatorSteps.aDateConversionErrorShouldOccur()&amp#27;[0m
]]></system-out>
  </testcase>
  <testcase name="Example #1.3" classname="Examples" time="0.012">
    <system-out><![CDATA[
Scenario Outline: Updating the salary field &amp#27;[90m# features/employees_model.feature:40&amp#27;[0m
  &amp#27;[32mGiven &amp#27;[0m&amp#27;[32ma new employee record&amp#27;[0m               &amp#27;[90m# com.payroll.cucumber.EmployeesSteps.aNewEmployeeRecord()&amp#27;[0m
  &amp#27;[32mWhen &amp#27;[0m&amp#27;[32mI set the salary to &amp#27;[0m&amp#27;[32m&amp#27;[1m99999.99&amp#27;[0m         &amp#27;[90m# com.payroll.cucumber.EmployeesSteps.iSetTheSalaryTo(double)&amp#27;[0m
  &amp#27;[32mThen &amp#27;[0m&amp#27;[32mthe salary should be &amp#27;[0m&amp#27;[32m&amp#27;[1m99999.99&amp#27;[0m        &amp#27;[90m# com.payroll.cucumber.EmployeesSteps.theSalaryShouldBe(double)&amp#27;[0m
]]></system-out>
  </testcase>
  <testcase name="Example #1.3" classname="Examples" time="0.01">
    <system-out><![CDATA[
Scenario Outline: Login attempts                                            &amp#27;[90m# features/login_auth.feature:14&amp#27;[0m
  &amp#27;[32mWhen &amp#27;[0m&amp#27;[32mI attempt to login with username &amp#27;[0m&amp#27;[32m&amp#27;[1m"wronguser"&amp#27;[0m&amp#27;[32m and password &amp#27;[0m&amp#27;[32m&amp#27;[1m"admin123"&amp#27;[0m &amp#27;[90m# com.payroll.cucumber.AuthServiceSteps.iAttemptToLoginWithUsernameAndPassword(java.lang.String,java.lang.String)&amp#27;[0m
  &amp#27;[32mThen &amp#27;[0m&amp#27;[32mthe login should be unsuccessful&amp#27;[0m                                     &amp#27;[90m# com.payroll.cucumber.AuthServiceSteps.theLoginShouldBeUnsuccessful()&amp#27;[0m
]]></system-out>
  </testcase>
  <testcase name="Example #1.3" classname="Examples" time="0.046">
    <system-out><![CDATA[
Scenario Outline: Negative inputs are rejected             &amp#27;[90m# features/payroll_calculator.feature:84&amp#27;[0m
  &amp#27;[32mGiven &amp#27;[0m&amp#27;[32ma pay rate of &amp#27;[0m&amp#27;[32m&amp#27;[1m10.0&amp#27;[0m&amp#27;[32m per hour&amp#27;[0m                        &amp#27;[90m# com.payroll.cucumber.PayrollCalculatorSteps.aPayRateOfPerHour(double)&amp#27;[0m
  &amp#27;[32mGiven &amp#27;[0m&amp#27;[32ma pay rate of &amp#27;[0m&amp#27;[32m&amp#27;[1m10&amp#27;[0m                                   &amp#27;[90m# com.payroll.cucumber.PayrollCalculatorSteps.aPayRateOf(double)&amp#27;[0m
  &amp#27;[32mAnd &amp#27;[0m&amp#27;[32mthe total hours worked is &amp#27;[0m&amp#27;[32m&amp#27;[1m0&amp#27;[0m                          &amp#27;[90m# com.payroll.cucumber.PayrollCalculatorSteps.theTotalHoursWorkedIs(double)&amp#27;[0m
  &amp#27;[32mAnd &amp#27;[0m&amp#27;[32movertime hours of &amp#27;[0m&amp#27;[32m&amp#27;[1m-1&amp#27;[0m                                 &amp#27;[90m# com.payroll.cucumber.PayrollCalculatorSteps.overtimeHoursOf(double)&amp#27;[0m
  &amp#27;[32mAnd &amp#27;[0m&amp#27;[32mdoubletime hours of &amp#27;[0m&amp#27;[32m&amp#27;[1m0&amp#27;[0m                                &amp#27;[90m# com.payroll.cucumber.PayrollCalculatorSteps.doubletimeHoursOf(double)&amp#27;[0m
  &amp#27;[32mAnd &amp#27;[0m&amp#27;[32mextended hours of &amp#27;[0m&amp#27;[32m&amp#27;[1m0&amp#27;[0m                                  &amp#27;[90m# com.payroll.cucumber.PayrollCalculatorSteps.extendedHoursOf(double)&amp#27;[0m
  &amp#27;[32mAnd &amp#27;[0m&amp#27;[32mholiday paid hours of &amp#27;[0m&amp#27;[32m&amp#27;[1m0&amp#27;[0m                              &amp#27;[90m# com.payroll.cucumber.PayrollCalculatorSteps.holidayPaidHoursOf(double)&amp#27;[0m
  &amp#27;[32mAnd &amp#27;[0m&amp#27;[32mspecial work hours of &amp#27;[0m&amp#27;[32m&amp#27;[1m0&amp#27;[0m                              &amp#27;[90m# com.payroll.cucumber.PayrollCalculatorSteps.specialWorkHoursOf(double)&amp#27;[0m
  &amp#27;[32mAnd &amp#27;[0m&amp#27;[32ma bonus amount of &amp#27;[0m&amp#27;[32m&amp#27;[1m0&amp#27;[0m                                  &amp#27;[90m# com.payroll.cucumber.PayrollCalculatorSteps.aBonusAmountOf(double)&amp#27;[0m
  &amp#27;[32mWhen &amp#27;[0m&amp#27;[32mI calculate the payroll&amp#27;[0m                             &amp#27;[90m# com.payroll.cucumber.PayrollCalculatorSteps.iCalculateThePayroll()&amp#27;[0m
  &amp#27;[32mThen &amp#27;[0m&amp#27;[32ma payroll IllegalArgumentException should be thrown&amp#27;[0m &amp#27;[90m# com.payroll.cucumber.PayrollCalculatorSteps.anIllegalArgumentExceptionShouldBeThrown()&amp#27;[0m
]]></system-out>
  </testcase>
  <testcase name="Example #1.3" classname="Examples" time="0.006">
    <system-out><![CDATA[
Scenario Outline: Rejecting invalid pay dates            &amp#27;[90m# features/payslip_formatting.feature:23&amp#27;[0m
  &amp#27;[32mWhen &amp#27;[0m&amp#27;[32mI convert the pay date &amp#27;[0m&amp#27;[32m&amp#27;[1m"not-a-date"&amp#27;[0m&amp#27;[32m to SQL format&amp#27;[0m &amp#27;[90m# com.payroll.cucumber.PayslipFormatterSteps.iConvertThePayDateToSqlFormat(java.lang.String)&amp#27;[0m
  &amp#27;[32mThen &amp#27;[0m&amp#27;[32ma payslip date conversion error should occur&amp#27;[0m      &amp#27;[90m# com.payroll.cucumber.PayslipFormatterSteps.aPayslipDateConversionErrorShouldOccur()&amp#27;[0m
]]></system-out>
  </testcase>
  <testcase name="Example #1.3" classname="Examples" time="0.009">
    <system-out><![CDATA[
Scenario Outline: Formatting amount-in-words for the cheque &amp#27;[90m# features/payslip_formatting.feature:33&amp#27;[0m
  &amp#27;[32mWhen &amp#27;[0m&amp#27;[32mI format the cheque words for &amp#27;[0m&amp#27;[32m&amp#27;[1m"zero dollars"&amp#27;[0m         &amp#27;[90m# com.payroll.cucumber.PayslipFormatterSteps.iFormatTheChequeWordsFor(java.lang.String)&amp#27;[0m
  &amp#27;[32mThen &amp#27;[0m&amp#27;[32mthe cheque words should be &amp#27;[0m&amp#27;[32m&amp#27;[1m"ZERO"&amp#27;[0m                    &amp#27;[90m# com.payroll.cucumber.PayslipFormatterSteps.theChequeWordsShouldBe(java.lang.String)&amp#27;[0m
]]></system-out>
  </testcase>
  <testcase name="Example #1.3" classname="Examples" time="0.004">
    <system-out><![CDATA[
Scenario Outline: Detecting numeric Employee ID vs name keyword           &amp#27;[90m# features/search_employee.feature:14&amp#27;[0m
  &amp#27;[32mWhen &amp#27;[0m&amp#27;[32mI check whether the search keyword &amp#27;[0m&amp#27;[32m&amp#27;[1m"John"&amp#27;[0m&amp#27;[32m is a numeric Employee ID&amp#27;[0m &amp#27;[90m# com.payroll.cucumber.SearchQueryHelperSteps.iCheckWhetherTheSearchKeywordIsNumeric(java.lang.String)&amp#27;[0m
  &amp#27;[32mThen &amp#27;[0m&amp#27;[32mit should be considered non-numeric&amp#27;[0m                                &amp#27;[90m# com.payroll.cucumber.SearchQueryHelperSteps.itShouldBeConsideredNonNumeric()&amp#27;[0m
]]></system-out>
  </testcase>
  <testcase name="Example #1.4" classname="Examples" time="0.046">
    <system-out><![CDATA[
Scenario Outline: Hundred, Thousand, Million and Billion boundaries &amp#27;[90m# features/amount_to_words.feature:27&amp#27;[0m
  &amp#27;[32mWhen &amp#27;[0m&amp#27;[32mI convert the amount &amp#27;[0m&amp#27;[32m&amp#27;[1m1000000000&amp#27;[0m&amp#27;[32m to words&amp#27;[0m                     &amp#27;[90m# com.payroll.cucumber.AmountToWordsSteps.iConvertTheAmountToWords(double)&amp#27;[0m
  &amp#27;[32mThen &amp#27;[0m&amp#27;[32mthe result should be &amp#27;[0m&amp#27;[32m&amp#27;[1m"One Billion Dollars"&amp#27;[0m                   &amp#27;[90m# com.payroll.cucumber.AmountToWordsSteps.theResultShouldBe(java.lang.String)&amp#27;[0m
]]></system-out>
  </testcase>
  <testcase name="Example #1.4" classname="Examples" time="0.014">
    <system-out><![CDATA[
Scenario Outline: Validating employee names &amp#27;[90m# features/employee_form_validation.feature:19&amp#27;[0m
  &amp#27;[32mWhen &amp#27;[0m&amp#27;[32mI validate the name &amp#27;[0m&amp#27;[32m&amp#27;[1m"Mary Jane"&amp#27;[0m      &amp#27;[90m# com.payroll.cucumber.EmployeeFormValidatorSteps.iValidateTheName(java.lang.String)&amp#27;[0m
  &amp#27;[32mThen &amp#27;[0m&amp#27;[32mthe name should be considered valid&amp#27;[0m  &amp#27;[90m# com.payroll.cucumber.EmployeeFormValidatorSteps.theNameShouldBeConsideredValid()&amp#27;[0m
]]></system-out>
  </testcase>
  <testcase name="Example #1.4" classname="Examples" time="0.009">
    <system-out><![CDATA[
Scenario Outline: Validating contact numbers         &amp#27;[90m# features/employee_form_validation.feature:38&amp#27;[0m
  &amp#27;[32mWhen &amp#27;[0m&amp#27;[32mI validate the contact number &amp#27;[0m&amp#27;[32m&amp#27;[1m"1234567"&amp#27;[0m       &amp#27;[90m# com.payroll.cucumber.EmployeeFormValidatorSteps.iValidateTheContactNumber(java.lang.String)&amp#27;[0m
  &amp#27;[32mThen &amp#27;[0m&amp#27;[32mthe contact number should be considered valid&amp#27;[0m &amp#27;[90m# com.payroll.cucumber.EmployeeFormValidatorSteps.theContactNumberShouldBeConsideredValid()&amp#27;[0m
]]></system-out>
  </testcase>
  <testcase name="Example #1.4" classname="Examples" time="0.008">
    <system-out><![CDATA[
Scenario Outline: Validating bank account numbers      &amp#27;[90m# features/employee_form_validation.feature:55&amp#27;[0m
  &amp#27;[32mWhen &amp#27;[0m&amp#27;[32mI validate the account number &amp#27;[0m&amp#27;[32m&amp#27;[1m""&amp#27;[0m                &amp#27;[90m# com.payroll.cucumber.EmployeeFormValidatorSteps.iValidateTheAccountNumber(java.lang.String)&amp#27;[0m
  &amp#27;[32mThen &amp#27;[0m&amp#27;[32mthe account number should be considered invalid&amp#27;[0m &amp#27;[90m# com.payroll.cucumber.EmployeeFormValidatorSteps.theAccountNumberShouldBeConsideredInvalid()&amp#27;[0m
]]></system-out>
  </testcase>
  <testcase name="Example #1.4" classname="Examples" time="0.02">
    <system-out><![CDATA[
Scenario Outline: Converting an invalid input date raises an error &amp#27;[90m# features/employee_form_validation.feature:81&amp#27;[0m
  &amp#27;[32mWhen &amp#27;[0m&amp#27;[32mI convert the input date &amp#27;[0m&amp#27;[32m&amp#27;[1m"not-a-date"&amp#27;[0m&amp#27;[32m to SQL format&amp#27;[0m         &amp#27;[90m# com.payroll.cucumber.EmployeeFormValidatorSteps.iConvertTheInputDateToSqlFormat(java.lang.String)&amp#27;[0m
  &amp#27;[32mThen &amp#27;[0m&amp#27;[32ma date conversion error should occur&amp#27;[0m                        &amp#27;[90m# com.payroll.cucumber.EmployeeFormValidatorSteps.aDateConversionErrorShouldOccur()&amp#27;[0m
]]></system-out>
  </testcase>
  <testcase name="Example #1.4" classname="Examples" time="0.009">
    <system-out><![CDATA[
Scenario Outline: Login attempts                                             &amp#27;[90m# features/login_auth.feature:15&amp#27;[0m
  &amp#27;[32mWhen &amp#27;[0m&amp#27;[32mI attempt to login with username &amp#27;[0m&amp#27;[32m&amp#27;[1m"wronguser"&amp#27;[0m&amp#27;[32m and password &amp#27;[0m&amp#27;[32m&amp#27;[1m"wrongpass"&amp#27;[0m &amp#27;[90m# com.payroll.cucumber.AuthServiceSteps.iAttemptToLoginWithUsernameAndPassword(java.lang.String,java.lang.String)&amp#27;[0m
  &amp#27;[32mThen &amp#27;[0m&amp#27;[32mthe login should be unsuccessful&amp#27;[0m                                      &amp#27;[90m# com.payroll.cucumber.AuthServiceSteps.theLoginShouldBeUnsuccessful()&amp#27;[0m
]]></system-out>
  </testcase>
  <testcase name="Example #1.4" classname="Examples" time="0.02">
    <system-out><![CDATA[
Scenario Outline: Negative inputs are rejected             &amp#27;[90m# features/payroll_calculator.feature:85&amp#27;[0m
  &amp#27;[32mGiven &amp#27;[0m&amp#27;[32ma pay rate of &amp#27;[0m&amp#27;[32m&amp#27;[1m10.0&amp#27;[0m&amp#27;[32m per hour&amp#27;[0m                        &amp#27;[90m# com.payroll.cucumber.PayrollCalculatorSteps.aPayRateOfPerHour(double)&amp#27;[0m
  &amp#27;[32mGiven &amp#27;[0m&amp#27;[32ma pay rate of &amp#27;[0m&amp#27;[32m&amp#27;[1m10&amp#27;[0m                                   &amp#27;[90m# com.payroll.cucumber.PayrollCalculatorSteps.aPayRateOf(double)&amp#27;[0m
  &amp#27;[32mAnd &amp#27;[0m&amp#27;[32mthe total hours worked is &amp#27;[0m&amp#27;[32m&amp#27;[1m0&amp#27;[0m                          &amp#27;[90m# com.payroll.cucumber.PayrollCalculatorSteps.theTotalHoursWorkedIs(double)&amp#27;[0m
  &amp#27;[32mAnd &amp#27;[0m&amp#27;[32movertime hours of &amp#27;[0m&amp#27;[32m&amp#27;[1m0&amp#27;[0m                                  &amp#27;[90m# com.payroll.cucumber.PayrollCalculatorSteps.overtimeHoursOf(double)&amp#27;[0m
  &amp#27;[32mAnd &amp#27;[0m&amp#27;[32mdoubletime hours of &amp#27;[0m&amp#27;[32m&amp#27;[1m-1&amp#27;[0m                               &amp#27;[90m# com.payroll.cucumber.PayrollCalculatorSteps.doubletimeHoursOf(double)&amp#27;[0m
  &amp#27;[32mAnd &amp#27;[0m&amp#27;[32mextended hours of &amp#27;[0m&amp#27;[32m&amp#27;[1m0&amp#27;[0m                                  &amp#27;[90m# com.payroll.cucumber.PayrollCalculatorSteps.extendedHoursOf(double)&amp#27;[0m
  &amp#27;[32mAnd &amp#27;[0m&amp#27;[32mholiday paid hours of &amp#27;[0m&amp#27;[32m&amp#27;[1m0&amp#27;[0m                              &amp#27;[90m# com.payroll.cucumber.PayrollCalculatorSteps.holidayPaidHoursOf(double)&amp#27;[0m
  &amp#27;[32mAnd &amp#27;[0m&amp#27;[32mspecial work hours of &amp#27;[0m&amp#27;[32m&amp#27;[1m0&amp#27;[0m                              &amp#27;[90m# com.payroll.cucumber.PayrollCalculatorSteps.specialWorkHoursOf(double)&amp#27;[0m
  &amp#27;[32mAnd &amp#27;[0m&amp#27;[32ma bonus amount of &amp#27;[0m&amp#27;[32m&amp#27;[1m0&amp#27;[0m                                  &amp#27;[90m# com.payroll.cucumber.PayrollCalculatorSteps.aBonusAmountOf(double)&amp#27;[0m
  &amp#27;[32mWhen &amp#27;[0m&amp#27;[32mI calculate the payroll&amp#27;[0m                             &amp#27;[90m# com.payroll.cucumber.PayrollCalculatorSteps.iCalculateThePayroll()&amp#27;[0m
  &amp#27;[32mThen &amp#27;[0m&amp#27;[32ma payroll IllegalArgumentException should be thrown&amp#27;[0m &amp#27;[90m# com.payroll.cucumber.PayrollCalculatorSteps.anIllegalArgumentExceptionShouldBeThrown()&amp#27;[0m
]]></system-out>
    <system-err><![CDATA[Jun 12, 2026 6:56:48 PM org.assertj.swing.monitor.ProtectingTimerTask handleException
WARNING: Exception thrown by a TimerTask
java.lang.reflect.InaccessibleObjectException: Unable to make field int java.util.TimerTask.state accessible: module java.base does not "opens java.util" to unnamed module @4232c52b
	at java.base/java.lang.reflect.AccessibleObject.throwInaccessibleObjectException(AccessibleObject.java:353)
	at java.base/java.lang.reflect.AccessibleObject.checkCanSetAccessible(AccessibleObject.java:329)
	at java.base/java.lang.reflect.AccessibleObject.checkCanSetAccessible(AccessibleObject.java:277)
	at java.base/java.lang.reflect.Field.checkCanSetAccessible(Field.java:179)
	at java.base/java.lang.reflect.Field.setAccessible(Field.java:173)
	at org.assertj.swing.dependency.fest_reflect.util.Accessibles$SetAccessibleAction.run(Accessibles.java:70)
	at org.assertj.swing.dependency.fest_reflect.util.Accessibles$SetAccessibleAction.run(Accessibles.java:60)
	at java.base/java.security.AccessController.doPrivileged(AccessController.java:74)
	at org.assertj.swing.dependency.fest_reflect.util.Accessibles.setAccessible(Accessibles.java:57)
	at org.assertj.swing.dependency.fest_reflect.util.Accessibles.makeAccessible(Accessibles.java:46)
	at org.assertj.swing.dependency.fest_reflect.field.Invoker.verifyCorrectType(Invoker.java:98)
	at org.assertj.swing.dependency.fest_reflect.field.Invoker.createInvoker(Invoker.java:74)
	at org.assertj.swing.dependency.fest_reflect.field.Invoker.newInvoker(Invoker.java:68)
	at org.assertj.swing.dependency.fest_reflect.field.FieldType.in(FieldType.java:74)
	at org.assertj.swing.monitor.ProtectingTimerTask.isCanceled(ProtectingTimerTask.java:54)
	at org.assertj.swing.monitor.ProtectingTimerTask.run(ProtectingTimerTask.java:41)
	at java.base/java.util.TimerThread.mainLoop(Timer.java:572)
	at java.base/java.util.TimerThread.run(Timer.java:522)

Jun 12, 2026 6:56:48 PM org.assertj.swing.monitor.ProtectingTimerTask handleException
WARNING: Exception thrown by a TimerTask
java.lang.reflect.InaccessibleObjectException: Unable to make field int java.util.TimerTask.state accessible: module java.base does not "opens java.util" to unnamed module @4232c52b
	at java.base/java.lang.reflect.AccessibleObject.throwInaccessibleObjectException(AccessibleObject.java:353)
	at java.base/java.lang.reflect.AccessibleObject.checkCanSetAccessible(AccessibleObject.java:329)
	at java.base/java.lang.reflect.AccessibleObject.checkCanSetAccessible(AccessibleObject.java:277)
	at java.base/java.lang.reflect.Field.checkCanSetAccessible(Field.java:179)
	at java.base/java.lang.reflect.Field.setAccessible(Field.java:173)
	at org.assertj.swing.dependency.fest_reflect.util.Accessibles$SetAccessibleAction.run(Accessibles.java:70)
	at org.assertj.swing.dependency.fest_reflect.util.Accessibles$SetAccessibleAction.run(Accessibles.java:60)
	at java.base/java.security.AccessController.doPrivileged(AccessController.java:74)
	at org.assertj.swing.dependency.fest_reflect.util.Accessibles.setAccessible(Accessibles.java:57)
	at org.assertj.swing.dependency.fest_reflect.util.Accessibles.makeAccessible(Accessibles.java:46)
	at org.assertj.swing.dependency.fest_reflect.field.Invoker.verifyCorrectType(Invoker.java:98)
	at org.assertj.swing.dependency.fest_reflect.field.Invoker.createInvoker(Invoker.java:74)
	at org.assertj.swing.dependency.fest_reflect.field.Invoker.newInvoker(Invoker.java:68)
	at org.assertj.swing.dependency.fest_reflect.field.FieldType.in(FieldType.java:74)
	at org.assertj.swing.monitor.ProtectingTimerTask.isCanceled(ProtectingTimerTask.java:54)
	at org.assertj.swing.monitor.ProtectingTimerTask.run(ProtectingTimerTask.java:41)
	at java.base/java.util.TimerThread.mainLoop(Timer.java:572)
	at java.base/java.util.TimerThread.run(Timer.java:522)

]]></system-err>
  </testcase>
  <testcase name="Example #1.4" classname="Examples" time="0.036">
    <system-out><![CDATA[
Scenario Outline: Detecting numeric Employee ID vs name keyword       &amp#27;[90m# features/search_employee.feature:15&amp#27;[0m
  &amp#27;[32mWhen &amp#27;[0m&amp#27;[32mI check whether the search keyword &amp#27;[0m&amp#27;[32m&amp#27;[1m""&amp#27;[0m&amp#27;[32m is a numeric Employee ID&amp#27;[0m &amp#27;[90m# com.payroll.cucumber.SearchQueryHelperSteps.iCheckWhetherTheSearchKeywordIsNumeric(java.lang.String)&amp#27;[0m
  &amp#27;[32mThen &amp#27;[0m&amp#27;[32mit should be considered non-numeric&amp#27;[0m                            &amp#27;[90m# com.payroll.cucumber.SearchQueryHelperSteps.itShouldBeConsideredNonNumeric()&amp#27;[0m
]]></system-out>
  </testcase>
  <testcase name="Example #1.5" classname="Examples" time="0.012">
    <system-out><![CDATA[
Scenario Outline: Validating employee names  &amp#27;[90m# features/employee_form_validation.feature:20&amp#27;[0m
  &amp#27;[32mWhen &amp#27;[0m&amp#27;[32mI validate the name &amp#27;[0m&amp#27;[32m&amp#27;[1m""&amp#27;[0m                &amp#27;[90m# com.payroll.cucumber.EmployeeFormValidatorSteps.iValidateTheName(java.lang.String)&amp#27;[0m
  &amp#27;[32mThen &amp#27;[0m&amp#27;[32mthe name should be considered invalid&amp#27;[0m &amp#27;[90m# com.payroll.cucumber.EmployeeFormValidatorSteps.theNameShouldBeConsideredInvalid()&amp#27;[0m
]]></system-out>
  </testcase>
  <testcase name="Example #1.5" classname="Examples" time="0.018">
    <system-out><![CDATA[
Scenario Outline: Validating contact numbers           &amp#27;[90m# features/employee_form_validation.feature:39&amp#27;[0m
  &amp#27;[32mWhen &amp#27;[0m&amp#27;[32mI validate the contact number &amp#27;[0m&amp#27;[32m&amp#27;[1m""&amp#27;[0m                &amp#27;[90m# com.payroll.cucumber.EmployeeFormValidatorSteps.iValidateTheContactNumber(java.lang.String)&amp#27;[0m
  &amp#27;[32mThen &amp#27;[0m&amp#27;[32mthe contact number should be considered invalid&amp#27;[0m &amp#27;[90m# com.payroll.cucumber.EmployeeFormValidatorSteps.theContactNumberShouldBeConsideredInvalid()&amp#27;[0m
]]></system-out>
  </testcase>
  <testcase name="Example #1.5" classname="Examples" time="0.007">
    <system-out><![CDATA[
Scenario Outline: Validating bank account numbers      &amp#27;[90m# features/employee_form_validation.feature:56&amp#27;[0m
  &amp#27;[32mWhen &amp#27;[0m&amp#27;[32mI validate the account number &amp#27;[0m&amp#27;[32m&amp#27;[1m"123"&amp#27;[0m             &amp#27;[90m# com.payroll.cucumber.EmployeeFormValidatorSteps.iValidateTheAccountNumber(java.lang.String)&amp#27;[0m
  &amp#27;[32mThen &amp#27;[0m&amp#27;[32mthe account number should be considered invalid&amp#27;[0m &amp#27;[90m# com.payroll.cucumber.EmployeeFormValidatorSteps.theAccountNumberShouldBeConsideredInvalid()&amp#27;[0m
]]></system-out>
  </testcase>
  <testcase name="Example #1.5" classname="Examples" time="0.019">
    <system-out><![CDATA[
Scenario Outline: Login attempts                                        &amp#27;[90m# features/login_auth.feature:16&amp#27;[0m
  &amp#27;[32mWhen &amp#27;[0m&amp#27;[32mI attempt to login with username &amp#27;[0m&amp#27;[32m&amp#27;[1m"Admin"&amp#27;[0m&amp#27;[32m and password &amp#27;[0m&amp#27;[32m&amp#27;[1m"admin123"&amp#27;[0m &amp#27;[90m# com.payroll.cucumber.AuthServiceSteps.iAttemptToLoginWithUsernameAndPassword(java.lang.String,java.lang.String)&amp#27;[0m
  &amp#27;[32mThen &amp#27;[0m&amp#27;[32mthe login should be unsuccessful&amp#27;[0m                                 &amp#27;[90m# com.payroll.cucumber.AuthServiceSteps.theLoginShouldBeUnsuccessful()&amp#27;[0m
]]></system-out>
  </testcase>
  <testcase name="Example #1.5" classname="Examples" time="0.012">
    <system-out><![CDATA[
Scenario Outline: Negative inputs are rejected             &amp#27;[90m# features/payroll_calculator.feature:86&amp#27;[0m
  &amp#27;[32mGiven &amp#27;[0m&amp#27;[32ma pay rate of &amp#27;[0m&amp#27;[32m&amp#27;[1m10.0&amp#27;[0m&amp#27;[32m per hour&amp#27;[0m                        &amp#27;[90m# com.payroll.cucumber.PayrollCalculatorSteps.aPayRateOfPerHour(double)&amp#27;[0m
  &amp#27;[32mGiven &amp#27;[0m&amp#27;[32ma pay rate of &amp#27;[0m&amp#27;[32m&amp#27;[1m10&amp#27;[0m                                   &amp#27;[90m# com.payroll.cucumber.PayrollCalculatorSteps.aPayRateOf(double)&amp#27;[0m
  &amp#27;[32mAnd &amp#27;[0m&amp#27;[32mthe total hours worked is &amp#27;[0m&amp#27;[32m&amp#27;[1m0&amp#27;[0m                          &amp#27;[90m# com.payroll.cucumber.PayrollCalculatorSteps.theTotalHoursWorkedIs(double)&amp#27;[0m
  &amp#27;[32mAnd &amp#27;[0m&amp#27;[32movertime hours of &amp#27;[0m&amp#27;[32m&amp#27;[1m0&amp#27;[0m                                  &amp#27;[90m# com.payroll.cucumber.PayrollCalculatorSteps.overtimeHoursOf(double)&amp#27;[0m
  &amp#27;[32mAnd &amp#27;[0m&amp#27;[32mdoubletime hours of &amp#27;[0m&amp#27;[32m&amp#27;[1m0&amp#27;[0m                                &amp#27;[90m# com.payroll.cucumber.PayrollCalculatorSteps.doubletimeHoursOf(double)&amp#27;[0m
  &amp#27;[32mAnd &amp#27;[0m&amp#27;[32mextended hours of &amp#27;[0m&amp#27;[32m&amp#27;[1m-1&amp#27;[0m                                 &amp#27;[90m# com.payroll.cucumber.PayrollCalculatorSteps.extendedHoursOf(double)&amp#27;[0m
  &amp#27;[32mAnd &amp#27;[0m&amp#27;[32mholiday paid hours of &amp#27;[0m&amp#27;[32m&amp#27;[1m0&amp#27;[0m                              &amp#27;[90m# com.payroll.cucumber.PayrollCalculatorSteps.holidayPaidHoursOf(double)&amp#27;[0m
  &amp#27;[32mAnd &amp#27;[0m&amp#27;[32mspecial work hours of &amp#27;[0m&amp#27;[32m&amp#27;[1m0&amp#27;[0m                              &amp#27;[90m# com.payroll.cucumber.PayrollCalculatorSteps.specialWorkHoursOf(double)&amp#27;[0m
  &amp#27;[32mAnd &amp#27;[0m&amp#27;[32ma bonus amount of &amp#27;[0m&amp#27;[32m&amp#27;[1m0&amp#27;[0m                                  &amp#27;[90m# com.payroll.cucumber.PayrollCalculatorSteps.aBonusAmountOf(double)&amp#27;[0m
  &amp#27;[32mWhen &amp#27;[0m&amp#27;[32mI calculate the payroll&amp#27;[0m                             &amp#27;[90m# com.payroll.cucumber.PayrollCalculatorSteps.iCalculateThePayroll()&amp#27;[0m
  &amp#27;[32mThen &amp#27;[0m&amp#27;[32ma payroll IllegalArgumentException should be thrown&amp#27;[0m &amp#27;[90m# com.payroll.cucumber.PayrollCalculatorSteps.anIllegalArgumentExceptionShouldBeThrown()&amp#27;[0m
]]></system-out>
  </testcase>
  <testcase name="Example #1.5" classname="Examples" time="0.008">
    <system-out><![CDATA[
Scenario Outline: Detecting numeric Employee ID vs name keyword             &amp#27;[90m# features/search_employee.feature:16&amp#27;[0m
  &amp#27;[32mWhen &amp#27;[0m&amp#27;[32mI check whether the search keyword &amp#27;[0m&amp#27;[32m&amp#27;[1m"12John"&amp#27;[0m&amp#27;[32m is a numeric Employee ID&amp#27;[0m &amp#27;[90m# com.payroll.cucumber.SearchQueryHelperSteps.iCheckWhetherTheSearchKeywordIsNumeric(java.lang.String)&amp#27;[0m
  &amp#27;[32mThen &amp#27;[0m&amp#27;[32mit should be considered non-numeric&amp#27;[0m                                  &amp#27;[90m# com.payroll.cucumber.SearchQueryHelperSteps.itShouldBeConsideredNonNumeric()&amp#27;[0m
]]></system-out>
  </testcase>
  <testcase name="Example #1.6" classname="Examples" time="0.027">
    <system-out><![CDATA[
Scenario Outline: Validating employee names  &amp#27;[90m# features/employee_form_validation.feature:21&amp#27;[0m
  &amp#27;[32mWhen &amp#27;[0m&amp#27;[32mI validate the name &amp#27;[0m&amp#27;[32m&amp#27;[1m"123John"&amp#27;[0m         &amp#27;[90m# com.payroll.cucumber.EmployeeFormValidatorSteps.iValidateTheName(java.lang.String)&amp#27;[0m
  &amp#27;[32mThen &amp#27;[0m&amp#27;[32mthe name should be considered invalid&amp#27;[0m &amp#27;[90m# com.payroll.cucumber.EmployeeFormValidatorSteps.theNameShouldBeConsideredInvalid()&amp#27;[0m
]]></system-out>
  </testcase>
  <testcase name="Example #1.6" classname="Examples" time="0.014">
    <system-out><![CDATA[
Scenario Outline: Validating contact numbers           &amp#27;[90m# features/employee_form_validation.feature:40&amp#27;[0m
  &amp#27;[32mWhen &amp#27;[0m&amp#27;[32mI validate the contact number &amp#27;[0m&amp#27;[32m&amp#27;[1m"123"&amp#27;[0m             &amp#27;[90m# com.payroll.cucumber.EmployeeFormValidatorSteps.iValidateTheContactNumber(java.lang.String)&amp#27;[0m
  &amp#27;[32mThen &amp#27;[0m&amp#27;[32mthe contact number should be considered invalid&amp#27;[0m &amp#27;[90m# com.payroll.cucumber.EmployeeFormValidatorSteps.theContactNumberShouldBeConsideredInvalid()&amp#27;[0m
]]></system-out>
  </testcase>
  <testcase name="Example #1.6" classname="Examples" time="0.007">
    <system-out><![CDATA[
Scenario Outline: Validating bank account numbers      &amp#27;[90m# features/employee_form_validation.feature:57&amp#27;[0m
  &amp#27;[32mWhen &amp#27;[0m&amp#27;[32mI validate the account number &amp#27;[0m&amp#27;[32m&amp#27;[1m"abc@123"&amp#27;[0m         &amp#27;[90m# com.payroll.cucumber.EmployeeFormValidatorSteps.iValidateTheAccountNumber(java.lang.String)&amp#27;[0m
  &amp#27;[32mThen &amp#27;[0m&amp#27;[32mthe account number should be considered invalid&amp#27;[0m &amp#27;[90m# com.payroll.cucumber.EmployeeFormValidatorSteps.theAccountNumberShouldBeConsideredInvalid()&amp#27;[0m
]]></system-out>
  </testcase>
  <testcase name="Example #1.6" classname="Examples" time="0.009">
    <system-out><![CDATA[
Scenario Outline: Login attempts                           &amp#27;[90m# features/login_auth.feature:17&amp#27;[0m
  &amp#27;[32mWhen &amp#27;[0m&amp#27;[32mI attempt to login with username &amp#27;[0m&amp#27;[32m&amp#27;[1m""&amp#27;[0m&amp#27;[32m and password &amp#27;[0m&amp#27;[32m&amp#27;[1m""&amp#27;[0m &amp#27;[90m# com.payroll.cucumber.AuthServiceSteps.iAttemptToLoginWithUsernameAndPassword(java.lang.String,java.lang.String)&amp#27;[0m
  &amp#27;[32mThen &amp#27;[0m&amp#27;[32mthe login should be unsuccessful&amp#27;[0m                    &amp#27;[90m# com.payroll.cucumber.AuthServiceSteps.theLoginShouldBeUnsuccessful()&amp#27;[0m
]]></system-out>
  </testcase>
  <testcase name="Example #1.6" classname="Examples" time="0.01">
    <system-out><![CDATA[
Scenario Outline: Negative inputs are rejected             &amp#27;[90m# features/payroll_calculator.feature:87&amp#27;[0m
  &amp#27;[32mGiven &amp#27;[0m&amp#27;[32ma pay rate of &amp#27;[0m&amp#27;[32m&amp#27;[1m10.0&amp#27;[0m&amp#27;[32m per hour&amp#27;[0m                        &amp#27;[90m# com.payroll.cucumber.PayrollCalculatorSteps.aPayRateOfPerHour(double)&amp#27;[0m
  &amp#27;[32mGiven &amp#27;[0m&amp#27;[32ma pay rate of &amp#27;[0m&amp#27;[32m&amp#27;[1m10&amp#27;[0m                                   &amp#27;[90m# com.payroll.cucumber.PayrollCalculatorSteps.aPayRateOf(double)&amp#27;[0m
  &amp#27;[32mAnd &amp#27;[0m&amp#27;[32mthe total hours worked is &amp#27;[0m&amp#27;[32m&amp#27;[1m0&amp#27;[0m                          &amp#27;[90m# com.payroll.cucumber.PayrollCalculatorSteps.theTotalHoursWorkedIs(double)&amp#27;[0m
  &amp#27;[32mAnd &amp#27;[0m&amp#27;[32movertime hours of &amp#27;[0m&amp#27;[32m&amp#27;[1m0&amp#27;[0m                                  &amp#27;[90m# com.payroll.cucumber.PayrollCalculatorSteps.overtimeHoursOf(double)&amp#27;[0m
  &amp#27;[32mAnd &amp#27;[0m&amp#27;[32mdoubletime hours of &amp#27;[0m&amp#27;[32m&amp#27;[1m0&amp#27;[0m                                &amp#27;[90m# com.payroll.cucumber.PayrollCalculatorSteps.doubletimeHoursOf(double)&amp#27;[0m
  &amp#27;[32mAnd &amp#27;[0m&amp#27;[32mextended hours of &amp#27;[0m&amp#27;[32m&amp#27;[1m0&amp#27;[0m                                  &amp#27;[90m# com.payroll.cucumber.PayrollCalculatorSteps.extendedHoursOf(double)&amp#27;[0m
  &amp#27;[32mAnd &amp#27;[0m&amp#27;[32mholiday paid hours of &amp#27;[0m&amp#27;[32m&amp#27;[1m-1&amp#27;[0m                             &amp#27;[90m# com.payroll.cucumber.PayrollCalculatorSteps.holidayPaidHoursOf(double)&amp#27;[0m
  &amp#27;[32mAnd &amp#27;[0m&amp#27;[32mspecial work hours of &amp#27;[0m&amp#27;[32m&amp#27;[1m0&amp#27;[0m                              &amp#27;[90m# com.payroll.cucumber.PayrollCalculatorSteps.specialWorkHoursOf(double)&amp#27;[0m
  &amp#27;[32mAnd &amp#27;[0m&amp#27;[32ma bonus amount of &amp#27;[0m&amp#27;[32m&amp#27;[1m0&amp#27;[0m                                  &amp#27;[90m# com.payroll.cucumber.PayrollCalculatorSteps.aBonusAmountOf(double)&amp#27;[0m
  &amp#27;[32mWhen &amp#27;[0m&amp#27;[32mI calculate the payroll&amp#27;[0m                             &amp#27;[90m# com.payroll.cucumber.PayrollCalculatorSteps.iCalculateThePayroll()&amp#27;[0m
  &amp#27;[32mThen &amp#27;[0m&amp#27;[32ma payroll IllegalArgumentException should be thrown&amp#27;[0m &amp#27;[90m# com.payroll.cucumber.PayrollCalculatorSteps.anIllegalArgumentExceptionShouldBeThrown()&amp#27;[0m
]]></system-out>
  </testcase>
  <testcase name="Example #1.7" classname="Examples" time="0.01">
    <system-out><![CDATA[
Scenario Outline: Validating employee names  &amp#27;[90m# features/employee_form_validation.feature:22&amp#27;[0m
  &amp#27;[32mWhen &amp#27;[0m&amp#27;[32mI validate the name &amp#27;[0m&amp#27;[32m&amp#27;[1m"John123"&amp#27;[0m         &amp#27;[90m# com.payroll.cucumber.EmployeeFormValidatorSteps.iValidateTheName(java.lang.String)&amp#27;[0m
  &amp#27;[32mThen &amp#27;[0m&amp#27;[32mthe name should be considered invalid&amp#27;[0m &amp#27;[90m# com.payroll.cucumber.EmployeeFormValidatorSteps.theNameShouldBeConsideredInvalid()&amp#27;[0m
]]></system-out>
  </testcase>
  <testcase name="Example #1.7" classname="Examples" time="0.014">
    <system-out><![CDATA[
Scenario Outline: Validating contact numbers           &amp#27;[90m# features/employee_form_validation.feature:41&amp#27;[0m
  &amp#27;[32mWhen &amp#27;[0m&amp#27;[32mI validate the contact number &amp#27;[0m&amp#27;[32m&amp#27;[1m"12345abc"&amp#27;[0m        &amp#27;[90m# com.payroll.cucumber.EmployeeFormValidatorSteps.iValidateTheContactNumber(java.lang.String)&amp#27;[0m
  &amp#27;[32mThen &amp#27;[0m&amp#27;[32mthe contact number should be considered invalid&amp#27;[0m &amp#27;[90m# com.payroll.cucumber.EmployeeFormValidatorSteps.theContactNumberShouldBeConsideredInvalid()&amp#27;[0m
]]></system-out>
  </testcase>
  <testcase name="Example #1.7" classname="Examples" time="0.013">
    <system-out><![CDATA[
Scenario Outline: Negative inputs are rejected             &amp#27;[90m# features/payroll_calculator.feature:88&amp#27;[0m
  &amp#27;[32mGiven &amp#27;[0m&amp#27;[32ma pay rate of &amp#27;[0m&amp#27;[32m&amp#27;[1m10.0&amp#27;[0m&amp#27;[32m per hour&amp#27;[0m                        &amp#27;[90m# com.payroll.cucumber.PayrollCalculatorSteps.aPayRateOfPerHour(double)&amp#27;[0m
  &amp#27;[32mGiven &amp#27;[0m&amp#27;[32ma pay rate of &amp#27;[0m&amp#27;[32m&amp#27;[1m10&amp#27;[0m                                   &amp#27;[90m# com.payroll.cucumber.PayrollCalculatorSteps.aPayRateOf(double)&amp#27;[0m
  &amp#27;[32mAnd &amp#27;[0m&amp#27;[32mthe total hours worked is &amp#27;[0m&amp#27;[32m&amp#27;[1m0&amp#27;[0m                          &amp#27;[90m# com.payroll.cucumber.PayrollCalculatorSteps.theTotalHoursWorkedIs(double)&amp#27;[0m
  &amp#27;[32mAnd &amp#27;[0m&amp#27;[32movertime hours of &amp#27;[0m&amp#27;[32m&amp#27;[1m0&amp#27;[0m                                  &amp#27;[90m# com.payroll.cucumber.PayrollCalculatorSteps.overtimeHoursOf(double)&amp#27;[0m
  &amp#27;[32mAnd &amp#27;[0m&amp#27;[32mdoubletime hours of &amp#27;[0m&amp#27;[32m&amp#27;[1m0&amp#27;[0m                                &amp#27;[90m# com.payroll.cucumber.PayrollCalculatorSteps.doubletimeHoursOf(double)&amp#27;[0m
  &amp#27;[32mAnd &amp#27;[0m&amp#27;[32mextended hours of &amp#27;[0m&amp#27;[32m&amp#27;[1m0&amp#27;[0m                                  &amp#27;[90m# com.payroll.cucumber.PayrollCalculatorSteps.extendedHoursOf(double)&amp#27;[0m
  &amp#27;[32mAnd &amp#27;[0m&amp#27;[32mholiday paid hours of &amp#27;[0m&amp#27;[32m&amp#27;[1m0&amp#27;[0m                              &amp#27;[90m# com.payroll.cucumber.PayrollCalculatorSteps.holidayPaidHoursOf(double)&amp#27;[0m
  &amp#27;[32mAnd &amp#27;[0m&amp#27;[32mspecial work hours of &amp#27;[0m&amp#27;[32m&amp#27;[1m-1&amp#27;[0m                             &amp#27;[90m# com.payroll.cucumber.PayrollCalculatorSteps.specialWorkHoursOf(double)&amp#27;[0m
  &amp#27;[32mAnd &amp#27;[0m&amp#27;[32ma bonus amount of &amp#27;[0m&amp#27;[32m&amp#27;[1m0&amp#27;[0m                                  &amp#27;[90m# com.payroll.cucumber.PayrollCalculatorSteps.aBonusAmountOf(double)&amp#27;[0m
  &amp#27;[32mWhen &amp#27;[0m&amp#27;[32mI calculate the payroll&amp#27;[0m                             &amp#27;[90m# com.payroll.cucumber.PayrollCalculatorSteps.iCalculateThePayroll()&amp#27;[0m
  &amp#27;[32mThen &amp#27;[0m&amp#27;[32ma payroll IllegalArgumentException should be thrown&amp#27;[0m &amp#27;[90m# com.payroll.cucumber.PayrollCalculatorSteps.anIllegalArgumentExceptionShouldBeThrown()&amp#27;[0m
]]></system-out>
  </testcase>
  <testcase name="Example #1.8" classname="Examples" time="0.009">
    <system-out><![CDATA[
Scenario Outline: Validating employee names  &amp#27;[90m# features/employee_form_validation.feature:23&amp#27;[0m
  &amp#27;[32mWhen &amp#27;[0m&amp#27;[32mI validate the name &amp#27;[0m&amp#27;[32m&amp#27;[1m"John_Doe"&amp#27;[0m        &amp#27;[90m# com.payroll.cucumber.EmployeeFormValidatorSteps.iValidateTheName(java.lang.String)&amp#27;[0m
  &amp#27;[32mThen &amp#27;[0m&amp#27;[32mthe name should be considered invalid&amp#27;[0m &amp#27;[90m# com.payroll.cucumber.EmployeeFormValidatorSteps.theNameShouldBeConsideredInvalid()&amp#27;[0m
]]></system-out>
  </testcase>
  <testcase name="Example #1.8" classname="Examples" time="0.017">
    <system-out><![CDATA[
Scenario Outline: Negative inputs are rejected             &amp#27;[90m# features/payroll_calculator.feature:89&amp#27;[0m
  &amp#27;[32mGiven &amp#27;[0m&amp#27;[32ma pay rate of &amp#27;[0m&amp#27;[32m&amp#27;[1m10.0&amp#27;[0m&amp#27;[32m per hour&amp#27;[0m                        &amp#27;[90m# com.payroll.cucumber.PayrollCalculatorSteps.aPayRateOfPerHour(double)&amp#27;[0m
  &amp#27;[32mGiven &amp#27;[0m&amp#27;[32ma pay rate of &amp#27;[0m&amp#27;[32m&amp#27;[1m10&amp#27;[0m                                   &amp#27;[90m# com.payroll.cucumber.PayrollCalculatorSteps.aPayRateOf(double)&amp#27;[0m
  &amp#27;[32mAnd &amp#27;[0m&amp#27;[32mthe total hours worked is &amp#27;[0m&amp#27;[32m&amp#27;[1m0&amp#27;[0m                          &amp#27;[90m# com.payroll.cucumber.PayrollCalculatorSteps.theTotalHoursWorkedIs(double)&amp#27;[0m
  &amp#27;[32mAnd &amp#27;[0m&amp#27;[32movertime hours of &amp#27;[0m&amp#27;[32m&amp#27;[1m0&amp#27;[0m                                  &amp#27;[90m# com.payroll.cucumber.PayrollCalculatorSteps.overtimeHoursOf(double)&amp#27;[0m
  &amp#27;[32mAnd &amp#27;[0m&amp#27;[32mdoubletime hours of &amp#27;[0m&amp#27;[32m&amp#27;[1m0&amp#27;[0m                                &amp#27;[90m# com.payroll.cucumber.PayrollCalculatorSteps.doubletimeHoursOf(double)&amp#27;[0m
  &amp#27;[32mAnd &amp#27;[0m&amp#27;[32mextended hours of &amp#27;[0m&amp#27;[32m&amp#27;[1m0&amp#27;[0m                                  &amp#27;[90m# com.payroll.cucumber.PayrollCalculatorSteps.extendedHoursOf(double)&amp#27;[0m
  &amp#27;[32mAnd &amp#27;[0m&amp#27;[32mholiday paid hours of &amp#27;[0m&amp#27;[32m&amp#27;[1m0&amp#27;[0m                              &amp#27;[90m# com.payroll.cucumber.PayrollCalculatorSteps.holidayPaidHoursOf(double)&amp#27;[0m
  &amp#27;[32mAnd &amp#27;[0m&amp#27;[32mspecial work hours of &amp#27;[0m&amp#27;[32m&amp#27;[1m0&amp#27;[0m                              &amp#27;[90m# com.payroll.cucumber.PayrollCalculatorSteps.specialWorkHoursOf(double)&amp#27;[0m
  &amp#27;[32mAnd &amp#27;[0m&amp#27;[32ma bonus amount of &amp#27;[0m&amp#27;[32m&amp#27;[1m-1&amp#27;[0m                                 &amp#27;[90m# com.payroll.cucumber.PayrollCalculatorSteps.aBonusAmountOf(double)&amp#27;[0m
  &amp#27;[32mWhen &amp#27;[0m&amp#27;[32mI calculate the payroll&amp#27;[0m                             &amp#27;[90m# com.payroll.cucumber.PayrollCalculatorSteps.iCalculateThePayroll()&amp#27;[0m
  &amp#27;[32mThen &amp#27;[0m&amp#27;[32ma payroll IllegalArgumentException should be thrown&amp#27;[0m &amp#27;[90m# com.payroll.cucumber.PayrollCalculatorSteps.anIllegalArgumentExceptionShouldBeThrown()&amp#27;[0m
]]></system-out>
  </testcase>
  <testcase name="Example #1.9" classname="Examples" time="0.011">
    <system-out><![CDATA[
Scenario Outline: Validating employee names  &amp#27;[90m# features/employee_form_validation.feature:24&amp#27;[0m
  &amp#27;[32mWhen &amp#27;[0m&amp#27;[32mI validate the name &amp#27;[0m&amp#27;[32m&amp#27;[1m"John@Doe"&amp#27;[0m        &amp#27;[90m# com.payroll.cucumber.EmployeeFormValidatorSteps.iValidateTheName(java.lang.String)&amp#27;[0m
  &amp#27;[32mThen &amp#27;[0m&amp#27;[32mthe name should be considered invalid&amp#27;[0m &amp#27;[90m# com.payroll.cucumber.EmployeeFormValidatorSteps.theNameShouldBeConsideredInvalid()&amp#27;[0m
]]></system-out>
  </testcase>
  <testcase name="Application can connect to the configured MySQL database" classname="Database Connectivity" time="0.935">
    <system-out><![CDATA[
@db
Scenario: Application can connect to the configured MySQL database &amp#27;[90m# features/db_connection.feature:7&amp#27;[0m
  &amp#27;[32mWhen &amp#27;[0m&amp#27;[32mI try to open a database connection&amp#27;[0m                         &amp#27;[90m# com.payroll.cucumber.DBConnectionSteps.iTryToOpenADatabaseConnection()&amp#27;[0m
  &amp#27;[32mThen &amp#27;[0m&amp#27;[32mthe connection should be successful and open&amp#27;[0m                &amp#27;[90m# com.payroll.cucumber.DBConnectionSteps.theConnectionShouldBeSuccessfulAndOpen()&amp#27;[0m
]]></system-out>
  </testcase>
  <testcase name="Setting and getting all employee fields" classname="Employees Data Model" time="0.053">
    <system-out><![CDATA[
Scenario: Setting and getting all employee fields   &amp#27;[90m# features/employees_model.feature:6&amp#27;[0m
  &amp#27;[32mGiven &amp#27;[0m&amp#27;[32ma new employee record&amp#27;[0m                       &amp#27;[90m# com.payroll.cucumber.EmployeesSteps.aNewEmployeeRecord()&amp#27;[0m
  &amp#27;[32mWhen &amp#27;[0m&amp#27;[32mI set the employee id to &amp#27;[0m&amp#27;[32m&amp#27;[1m101&amp#27;[0m                 &amp#27;[90m# com.payroll.cucumber.EmployeesSteps.iSetTheEmployeeIdTo(int)&amp#27;[0m
  &amp#27;[32mAnd &amp#27;[0m&amp#27;[32mI set the first name to &amp#27;[0m&amp#27;[32m&amp#27;[1m"John"&amp#27;[0m                &amp#27;[90m# com.payroll.cucumber.EmployeesSteps.iSetTheFirstNameTo(java.lang.String)&amp#27;[0m
  &amp#27;[32mAnd &amp#27;[0m&amp#27;[32mI set the last name to &amp#27;[0m&amp#27;[32m&amp#27;[1m"Doe"&amp#27;[0m                  &amp#27;[90m# com.payroll.cucumber.EmployeesSteps.iSetTheLastNameTo(java.lang.String)&amp#27;[0m
  &amp#27;[32mAnd &amp#27;[0m&amp#27;[32mI set the designation to &amp#27;[0m&amp#27;[32m&amp#27;[1m"Software Engineer"&amp#27;[0m  &amp#27;[90m# com.payroll.cucumber.EmployeesSteps.iSetTheDesignationTo(java.lang.String)&amp#27;[0m
  &amp#27;[32mAnd &amp#27;[0m&amp#27;[32mI set the contact number to &amp#27;[0m&amp#27;[32m&amp#27;[1m"01711111111"&amp#27;[0m     &amp#27;[90m# com.payroll.cucumber.EmployeesSteps.iSetTheContactNumberTo(java.lang.String)&amp#27;[0m
  &amp#27;[32mAnd &amp#27;[0m&amp#27;[32mI set the email id to &amp#27;[0m&amp#27;[32m&amp#27;[1m"john.doe@example.com"&amp#27;[0m  &amp#27;[90m# com.payroll.cucumber.EmployeesSteps.iSetTheEmailIdTo(java.lang.String)&amp#27;[0m
  &amp#27;[32mAnd &amp#27;[0m&amp#27;[32mI set the department to &amp#27;[0m&amp#27;[32m&amp#27;[1m"Engineering"&amp#27;[0m         &amp#27;[90m# com.payroll.cucumber.EmployeesSteps.iSetTheDepartmentTo(java.lang.String)&amp#27;[0m
  &amp#27;[32mAnd &amp#27;[0m&amp#27;[32mI set the salary to &amp#27;[0m&amp#27;[32m&amp#27;[1m50000.0&amp#27;[0m                   &amp#27;[90m# com.payroll.cucumber.EmployeesSteps.iSetTheSalaryTo(double)&amp#27;[0m
  &amp#27;[32mThen &amp#27;[0m&amp#27;[32mthe employee id should be &amp#27;[0m&amp#27;[32m&amp#27;[1m101&amp#27;[0m                &amp#27;[90m# com.payroll.cucumber.EmployeesSteps.theEmployeeIdShouldBe(int)&amp#27;[0m
  &amp#27;[32mAnd &amp#27;[0m&amp#27;[32mthe first name should be &amp#27;[0m&amp#27;[32m&amp#27;[1m"John"&amp#27;[0m               &amp#27;[90m# com.payroll.cucumber.EmployeesSteps.theFirstNameShouldBe(java.lang.String)&amp#27;[0m
  &amp#27;[32mAnd &amp#27;[0m&amp#27;[32mthe last name should be &amp#27;[0m&amp#27;[32m&amp#27;[1m"Doe"&amp#27;[0m                 &amp#27;[90m# com.payroll.cucumber.EmployeesSteps.theLastNameShouldBe(java.lang.String)&amp#27;[0m
  &amp#27;[32mAnd &amp#27;[0m&amp#27;[32mthe designation should be &amp#27;[0m&amp#27;[32m&amp#27;[1m"Software Engineer"&amp#27;[0m &amp#27;[90m# com.payroll.cucumber.EmployeesSteps.theDesignationShouldBe(java.lang.String)&amp#27;[0m
  &amp#27;[32mAnd &amp#27;[0m&amp#27;[32mthe contact number should be &amp#27;[0m&amp#27;[32m&amp#27;[1m"01711111111"&amp#27;[0m    &amp#27;[90m# com.payroll.cucumber.EmployeesSteps.theContactNumberShouldBe(java.lang.String)&amp#27;[0m
  &amp#27;[32mAnd &amp#27;[0m&amp#27;[32mthe email id should be &amp#27;[0m&amp#27;[32m&amp#27;[1m"john.doe@example.com"&amp#27;[0m &amp#27;[90m# com.payroll.cucumber.EmployeesSteps.theEmailIdShouldBe(java.lang.String)&amp#27;[0m
  &amp#27;[32mAnd &amp#27;[0m&amp#27;[32mthe department should be &amp#27;[0m&amp#27;[32m&amp#27;[1m"Engineering"&amp#27;[0m        &amp#27;[90m# com.payroll.cucumber.EmployeesSteps.theDepartmentShouldBe(java.lang.String)&amp#27;[0m
  &amp#27;[32mAnd &amp#27;[0m&amp#27;[32mthe salary should be &amp#27;[0m&amp#27;[32m&amp#27;[1m50000.0&amp#27;[0m                  &amp#27;[90m# com.payroll.cucumber.EmployeesSteps.theSalaryShouldBe(double)&amp#27;[0m
]]></system-out>
  </testcase>
  <testcase name="A newly created employee record has default values" classname="Employees Data Model" time="0.01">
    <system-out><![CDATA[
Scenario: A newly created employee record has default values &amp#27;[90m# features/employees_model.feature:25&amp#27;[0m
  &amp#27;[32mGiven &amp#27;[0m&amp#27;[32ma new employee record&amp#27;[0m                                &amp#27;[90m# com.payroll.cucumber.EmployeesSteps.aNewEmployeeRecord()&amp#27;[0m
  &amp#27;[32mThen &amp#27;[0m&amp#27;[32mthe employee id should be &amp#27;[0m&amp#27;[32m&amp#27;[1m0&amp#27;[0m                           &amp#27;[90m# com.payroll.cucumber.EmployeesSteps.theEmployeeIdShouldBe(int)&amp#27;[0m
  &amp#27;[32mAnd &amp#27;[0m&amp#27;[32mthe salary should be &amp#27;[0m&amp#27;[32m&amp#27;[1m0.0&amp#27;[0m                               &amp#27;[90m# com.payroll.cucumber.EmployeesSteps.theSalaryShouldBe(double)&amp#27;[0m
  &amp#27;[32mAnd &amp#27;[0m&amp#27;[32mthe first name should be null&amp#27;[0m                          &amp#27;[90m# com.payroll.cucumber.EmployeesSteps.theFirstNameShouldBeNull()&amp#27;[0m
]]></system-out>
  </testcase>
  <testcase name="Normal hours under 40 produce only normal salary" classname="Payroll Calculation" time="0.031">
    <system-out><![CDATA[
Scenario: Normal hours under 40 produce only normal salary &amp#27;[90m# features/payroll_calculator.feature:9&amp#27;[0m
  &amp#27;[32mGiven &amp#27;[0m&amp#27;[32ma pay rate of &amp#27;[0m&amp#27;[32m&amp#27;[1m10.0&amp#27;[0m&amp#27;[32m per hour&amp#27;[0m                        &amp#27;[90m# com.payroll.cucumber.PayrollCalculatorSteps.aPayRateOfPerHour(double)&amp#27;[0m
  &amp#27;[32mGiven &amp#27;[0m&amp#27;[32mthe total hours worked is &amp#27;[0m&amp#27;[32m&amp#27;[1m35&amp#27;[0m                       &amp#27;[90m# com.payroll.cucumber.PayrollCalculatorSteps.theTotalHoursWorkedIs(double)&amp#27;[0m
  &amp#27;[32mWhen &amp#27;[0m&amp#27;[32mI calculate the payroll&amp#27;[0m                             &amp#27;[90m# com.payroll.cucumber.PayrollCalculatorSteps.iCalculateThePayroll()&amp#27;[0m
  &amp#27;[32mThen &amp#27;[0m&amp#27;[32mthe normal salary should be &amp#27;[0m&amp#27;[32m&amp#27;[1m350.0&amp#27;[0m                   &amp#27;[90m# com.payroll.cucumber.PayrollCalculatorSteps.theNormalSalaryShouldBe(double)&amp#27;[0m
  &amp#27;[32mAnd &amp#27;[0m&amp#27;[32mthe gross salary should be &amp#27;[0m&amp#27;[32m&amp#27;[1m350.0&amp#27;[0m                     &amp#27;[90m# com.payroll.cucumber.PayrollCalculatorSteps.theGrossSalaryShouldBe(double)&amp#27;[0m
]]></system-out>
  </testcase>
  <testcase name="Exactly 40 hours is the boundary for normal salary" classname="Payroll Calculation" time="0.02">
    <system-out><![CDATA[
Scenario: Exactly 40 hours is the boundary for normal salary &amp#27;[90m# features/payroll_calculator.feature:15&amp#27;[0m
  &amp#27;[32mGiven &amp#27;[0m&amp#27;[32ma pay rate of &amp#27;[0m&amp#27;[32m&amp#27;[1m10.0&amp#27;[0m&amp#27;[32m per hour&amp#27;[0m                          &amp#27;[90m# com.payroll.cucumber.PayrollCalculatorSteps.aPayRateOfPerHour(double)&amp#27;[0m
  &amp#27;[32mGiven &amp#27;[0m&amp#27;[32ma pay rate of &amp#27;[0m&amp#27;[32m&amp#27;[1m15.0&amp#27;[0m&amp#27;[32m per hour&amp#27;[0m                          &amp#27;[90m# com.payroll.cucumber.PayrollCalculatorSteps.aPayRateOfPerHour(double)&amp#27;[0m
  &amp#27;[32mAnd &amp#27;[0m&amp#27;[32mthe total hours worked is &amp#27;[0m&amp#27;[32m&amp#27;[1m40&amp#27;[0m                           &amp#27;[90m# com.payroll.cucumber.PayrollCalculatorSteps.theTotalHoursWorkedIs(double)&amp#27;[0m
  &amp#27;[32mWhen &amp#27;[0m&amp#27;[32mI calculate the payroll&amp#27;[0m                               &amp#27;[90m# com.payroll.cucumber.PayrollCalculatorSteps.iCalculateThePayroll()&amp#27;[0m
  &amp#27;[32mThen &amp#27;[0m&amp#27;[32mthe normal salary should be &amp#27;[0m&amp#27;[32m&amp#27;[1m600.0&amp#27;[0m                     &amp#27;[90m# com.payroll.cucumber.PayrollCalculatorSteps.theNormalSalaryShouldBe(double)&amp#27;[0m
  &amp#27;[32mAnd &amp#27;[0m&amp#27;[32mthe overtime salary should be &amp#27;[0m&amp#27;[32m&amp#27;[1m0.0&amp#27;[0m                      &amp#27;[90m# com.payroll.cucumber.PayrollCalculatorSteps.theOvertimeSalaryShouldBe(double)&amp#27;[0m
]]></system-out>
  </testcase>
  <testcase name="Total hours above 40 are capped at 40 for normal salary" classname="Payroll Calculation" time="0.007">
    <system-out><![CDATA[
Scenario: Total hours above 40 are capped at 40 for normal salary &amp#27;[90m# features/payroll_calculator.feature:22&amp#27;[0m
  &amp#27;[32mGiven &amp#27;[0m&amp#27;[32ma pay rate of &amp#27;[0m&amp#27;[32m&amp#27;[1m10.0&amp#27;[0m&amp#27;[32m per hour&amp#27;[0m                               &amp#27;[90m# com.payroll.cucumber.PayrollCalculatorSteps.aPayRateOfPerHour(double)&amp#27;[0m
  &amp#27;[32mGiven &amp#27;[0m&amp#27;[32mthe total hours worked is &amp#27;[0m&amp#27;[32m&amp#27;[1m50&amp#27;[0m                              &amp#27;[90m# com.payroll.cucumber.PayrollCalculatorSteps.theTotalHoursWorkedIs(double)&amp#27;[0m
  &amp#27;[32mWhen &amp#27;[0m&amp#27;[32mI calculate the payroll&amp#27;[0m                                    &amp#27;[90m# com.payroll.cucumber.PayrollCalculatorSteps.iCalculateThePayroll()&amp#27;[0m
  &amp#27;[32mThen &amp#27;[0m&amp#27;[32mthe normal salary should be &amp#27;[0m&amp#27;[32m&amp#27;[1m400.0&amp#27;[0m                          &amp#27;[90m# com.payroll.cucumber.PayrollCalculatorSteps.theNormalSalaryShouldBe(double)&amp#27;[0m
]]></system-out>
  </testcase>
  <testcase name="Overtime hours are paid at 1.5x the pay rate" classname="Payroll Calculation" time="0.012">
    <system-out><![CDATA[
Scenario: Overtime hours are paid at 1.5x the pay rate &amp#27;[90m# features/payroll_calculator.feature:27&amp#27;[0m
  &amp#27;[32mGiven &amp#27;[0m&amp#27;[32ma pay rate of &amp#27;[0m&amp#27;[32m&amp#27;[1m10.0&amp#27;[0m&amp#27;[32m per hour&amp#27;[0m                    &amp#27;[90m# com.payroll.cucumber.PayrollCalculatorSteps.aPayRateOfPerHour(double)&amp#27;[0m
  &amp#27;[32mGiven &amp#27;[0m&amp#27;[32mthe total hours worked is &amp#27;[0m&amp#27;[32m&amp#27;[1m40&amp#27;[0m                   &amp#27;[90m# com.payroll.cucumber.PayrollCalculatorSteps.theTotalHoursWorkedIs(double)&amp#27;[0m
  &amp#27;[32mAnd &amp#27;[0m&amp#27;[32movertime hours of &amp#27;[0m&amp#27;[32m&amp#27;[1m5&amp#27;[0m                              &amp#27;[90m# com.payroll.cucumber.PayrollCalculatorSteps.overtimeHoursOf(double)&amp#27;[0m
  &amp#27;[32mWhen &amp#27;[0m&amp#27;[32mI calculate the payroll&amp#27;[0m                         &amp#27;[90m# com.payroll.cucumber.PayrollCalculatorSteps.iCalculateThePayroll()&amp#27;[0m
  &amp#27;[32mThen &amp#27;[0m&amp#27;[32mthe overtime salary should be &amp#27;[0m&amp#27;[32m&amp#27;[1m75.0&amp#27;[0m              &amp#27;[90m# com.payroll.cucumber.PayrollCalculatorSteps.theOvertimeSalaryShouldBe(double)&amp#27;[0m
  &amp#27;[32mAnd &amp#27;[0m&amp#27;[32mthe gross salary should be &amp#27;[0m&amp#27;[32m&amp#27;[1m475.0&amp#27;[0m                 &amp#27;[90m# com.payroll.cucumber.PayrollCalculatorSteps.theGrossSalaryShouldBe(double)&amp#27;[0m
]]></system-out>
  </testcase>
  <testcase name="Doubletime hours are paid at 2x the pay rate" classname="Payroll Calculation" time="0.009">
    <system-out><![CDATA[
Scenario: Doubletime hours are paid at 2x the pay rate &amp#27;[90m# features/payroll_calculator.feature:34&amp#27;[0m
  &amp#27;[32mGiven &amp#27;[0m&amp#27;[32ma pay rate of &amp#27;[0m&amp#27;[32m&amp#27;[1m10.0&amp#27;[0m&amp#27;[32m per hour&amp#27;[0m                    &amp#27;[90m# com.payroll.cucumber.PayrollCalculatorSteps.aPayRateOfPerHour(double)&amp#27;[0m
  &amp#27;[32mGiven &amp#27;[0m&amp#27;[32mthe total hours worked is &amp#27;[0m&amp#27;[32m&amp#27;[1m40&amp#27;[0m                   &amp#27;[90m# com.payroll.cucumber.PayrollCalculatorSteps.theTotalHoursWorkedIs(double)&amp#27;[0m
  &amp#27;[32mAnd &amp#27;[0m&amp#27;[32mdoubletime hours of &amp#27;[0m&amp#27;[32m&amp#27;[1m4&amp#27;[0m                            &amp#27;[90m# com.payroll.cucumber.PayrollCalculatorSteps.doubletimeHoursOf(double)&amp#27;[0m
  &amp#27;[32mWhen &amp#27;[0m&amp#27;[32mI calculate the payroll&amp#27;[0m                         &amp#27;[90m# com.payroll.cucumber.PayrollCalculatorSteps.iCalculateThePayroll()&amp#27;[0m
  &amp#27;[32mThen &amp#27;[0m&amp#27;[32mthe doubletime salary should be &amp#27;[0m&amp#27;[32m&amp#27;[1m80.0&amp#27;[0m            &amp#27;[90m# com.payroll.cucumber.PayrollCalculatorSteps.theDoubletimeSalaryShouldBe(double)&amp#27;[0m
  &amp#27;[32mAnd &amp#27;[0m&amp#27;[32mthe gross salary should be &amp#27;[0m&amp#27;[32m&amp#27;[1m480.0&amp#27;[0m                 &amp#27;[90m# com.payroll.cucumber.PayrollCalculatorSteps.theGrossSalaryShouldBe(double)&amp#27;[0m
]]></system-out>
  </testcase>
  <testcase name="Extended, holiday paid and special work hours use the normal pay rate" classname="Payroll Calculation" time="0.023">
    <system-out><![CDATA[
Scenario: Extended, holiday paid and special work hours use the normal pay rate &amp#27;[90m# features/payroll_calculator.feature:41&amp#27;[0m
  &amp#27;[32mGiven &amp#27;[0m&amp#27;[32ma pay rate of &amp#27;[0m&amp#27;[32m&amp#27;[1m10.0&amp#27;[0m&amp#27;[32m per hour&amp#27;[0m                                             &amp#27;[90m# com.payroll.cucumber.PayrollCalculatorSteps.aPayRateOfPerHour(double)&amp#27;[0m
  &amp#27;[32mGiven &amp#27;[0m&amp#27;[32mextended hours of &amp#27;[0m&amp#27;[32m&amp#27;[1m2&amp#27;[0m                                                     &amp#27;[90m# com.payroll.cucumber.PayrollCalculatorSteps.extendedHoursOf(double)&amp#27;[0m
  &amp#27;[32mAnd &amp#27;[0m&amp#27;[32mholiday paid hours of &amp#27;[0m&amp#27;[32m&amp#27;[1m3&amp#27;[0m                                                   &amp#27;[90m# com.payroll.cucumber.PayrollCalculatorSteps.holidayPaidHoursOf(double)&amp#27;[0m
  &amp#27;[32mAnd &amp#27;[0m&amp#27;[32mspecial work hours of &amp#27;[0m&amp#27;[32m&amp#27;[1m4&amp#27;[0m                                                   &amp#27;[90m# com.payroll.cucumber.PayrollCalculatorSteps.specialWorkHoursOf(double)&amp#27;[0m
  &amp#27;[32mWhen &amp#27;[0m&amp#27;[32mI calculate the payroll&amp#27;[0m                                                  &amp#27;[90m# com.payroll.cucumber.PayrollCalculatorSteps.iCalculateThePayroll()&amp#27;[0m
  &amp#27;[32mThen &amp#27;[0m&amp#27;[32mthe extended salary should be &amp#27;[0m&amp#27;[32m&amp#27;[1m20.0&amp#27;[0m                                       &amp#27;[90m# com.payroll.cucumber.PayrollCalculatorSteps.theExtendedSalaryShouldBe(double)&amp#27;[0m
  &amp#27;[32mAnd &amp#27;[0m&amp#27;[32mthe holiday paid salary should be &amp#27;[0m&amp#27;[32m&amp#27;[1m30.0&amp#27;[0m                                    &amp#27;[90m# com.payroll.cucumber.PayrollCalculatorSteps.theHolidayPaidSalaryShouldBe(double)&amp#27;[0m
  &amp#27;[32mAnd &amp#27;[0m&amp#27;[32mthe special work salary should be &amp#27;[0m&amp#27;[32m&amp#27;[1m40.0&amp#27;[0m                                    &amp#27;[90m# com.payroll.cucumber.PayrollCalculatorSteps.theSpecialWorkSalaryShouldBe(double)&amp#27;[0m
  &amp#27;[32mAnd &amp#27;[0m&amp#27;[32mthe gross salary should be &amp#27;[0m&amp#27;[32m&amp#27;[1m90.0&amp#27;[0m                                           &amp#27;[90m# com.payroll.cucumber.PayrollCalculatorSteps.theGrossSalaryShouldBe(double)&amp#27;[0m
]]></system-out>
  </testcase>
  <testcase name="Bonus amount is added to gross salary and is taxed" classname="Payroll Calculation" time="0.012">
    <system-out><![CDATA[
Scenario: Bonus amount is added to gross salary and is taxed &amp#27;[90m# features/payroll_calculator.feature:51&amp#27;[0m
  &amp#27;[32mGiven &amp#27;[0m&amp#27;[32ma pay rate of &amp#27;[0m&amp#27;[32m&amp#27;[1m10.0&amp#27;[0m&amp#27;[32m per hour&amp#27;[0m                          &amp#27;[90m# com.payroll.cucumber.PayrollCalculatorSteps.aPayRateOfPerHour(double)&amp#27;[0m
  &amp#27;[32mGiven &amp#27;[0m&amp#27;[32mthe total hours worked is &amp#27;[0m&amp#27;[32m&amp#27;[1m40&amp#27;[0m                         &amp#27;[90m# com.payroll.cucumber.PayrollCalculatorSteps.theTotalHoursWorkedIs(double)&amp#27;[0m
  &amp#27;[32mAnd &amp#27;[0m&amp#27;[32ma bonus amount of &amp#27;[0m&amp#27;[32m&amp#27;[1m100&amp#27;[0m                                  &amp#27;[90m# com.payroll.cucumber.PayrollCalculatorSteps.aBonusAmountOf(double)&amp#27;[0m
  &amp#27;[32mWhen &amp#27;[0m&amp#27;[32mI calculate the payroll&amp#27;[0m                               &amp#27;[90m# com.payroll.cucumber.PayrollCalculatorSteps.iCalculateThePayroll()&amp#27;[0m
  &amp#27;[32mThen &amp#27;[0m&amp#27;[32mthe gross salary should be &amp#27;[0m&amp#27;[32m&amp#27;[1m500.0&amp#27;[0m                      &amp#27;[90m# com.payroll.cucumber.PayrollCalculatorSteps.theGrossSalaryShouldBe(double)&amp#27;[0m
  &amp#27;[32mAnd &amp#27;[0m&amp#27;[32mthe tax deduction should be &amp#27;[0m&amp#27;[32m&amp#27;[1m100.0&amp#27;[0m                      &amp#27;[90m# com.payroll.cucumber.PayrollCalculatorSteps.theTaxDeductionShouldBe(double)&amp#27;[0m
  &amp#27;[32mAnd &amp#27;[0m&amp#27;[32mthe medical insurance should be &amp#27;[0m&amp#27;[32m&amp#27;[1m50.0&amp#27;[0m                   &amp#27;[90m# com.payroll.cucumber.PayrollCalculatorSteps.theMedicalInsuranceShouldBe(double)&amp#27;[0m
  &amp#27;[32mAnd &amp#27;[0m&amp#27;[32mthe net salary should be &amp#27;[0m&amp#27;[32m&amp#27;[1m350.0&amp#27;[0m                         &amp#27;[90m# com.payroll.cucumber.PayrollCalculatorSteps.theNetSalaryShouldBe(double)&amp#27;[0m
]]></system-out>
  </testcase>
  <testcase name="All zero inputs result in all zero outputs" classname="Payroll Calculation" time="0.025">
    <system-out><![CDATA[
Scenario: All zero inputs result in all zero outputs &amp#27;[90m# features/payroll_calculator.feature:60&amp#27;[0m
  &amp#27;[32mGiven &amp#27;[0m&amp#27;[32ma pay rate of &amp#27;[0m&amp#27;[32m&amp#27;[1m10.0&amp#27;[0m&amp#27;[32m per hour&amp#27;[0m                  &amp#27;[90m# com.payroll.cucumber.PayrollCalculatorSteps.aPayRateOfPerHour(double)&amp#27;[0m
  &amp#27;[32mGiven &amp#27;[0m&amp#27;[32mthe total hours worked is &amp#27;[0m&amp#27;[32m&amp#27;[1m0&amp#27;[0m                  &amp#27;[90m# com.payroll.cucumber.PayrollCalculatorSteps.theTotalHoursWorkedIs(double)&amp#27;[0m
  &amp#27;[32mWhen &amp#27;[0m&amp#27;[32mI calculate the payroll&amp#27;[0m                       &amp#27;[90m# com.payroll.cucumber.PayrollCalculatorSteps.iCalculateThePayroll()&amp#27;[0m
  &amp#27;[32mThen &amp#27;[0m&amp#27;[32mthe gross salary should be &amp#27;[0m&amp#27;[32m&amp#27;[1m0.0&amp#27;[0m                &amp#27;[90m# com.payroll.cucumber.PayrollCalculatorSteps.theGrossSalaryShouldBe(double)&amp#27;[0m
  &amp#27;[32mAnd &amp#27;[0m&amp#27;[32mthe tax deduction should be &amp#27;[0m&amp#27;[32m&amp#27;[1m0.0&amp#27;[0m                &amp#27;[90m# com.payroll.cucumber.PayrollCalculatorSteps.theTaxDeductionShouldBe(double)&amp#27;[0m
  &amp#27;[32mAnd &amp#27;[0m&amp#27;[32mthe medical insurance should be &amp#27;[0m&amp#27;[32m&amp#27;[1m0.0&amp#27;[0m            &amp#27;[90m# com.payroll.cucumber.PayrollCalculatorSteps.theMedicalInsuranceShouldBe(double)&amp#27;[0m
  &amp#27;[32mAnd &amp#27;[0m&amp#27;[32mthe net salary should be &amp#27;[0m&amp#27;[32m&amp#27;[1m0.0&amp#27;[0m                   &amp#27;[90m# com.payroll.cucumber.PayrollCalculatorSteps.theNetSalaryShouldBe(double)&amp#27;[0m
]]></system-out>
  </testcase>
  <testcase name="ID search SQL shape" classname="Search Employee Query Logic" time="0.012">
    <system-out><![CDATA[
Scenario: ID search SQL shape                                    &amp#27;[90m# features/search_employee.feature:18&amp#27;[0m
  &amp#27;[32mWhen &amp#27;[0m&amp#27;[32mI build the ID search SQL&amp#27;[0m                                 &amp#27;[90m# com.payroll.cucumber.SearchQueryHelperSteps.iBuildTheIdSearchSql()&amp#27;[0m
  &amp#27;[32mThen &amp#27;[0m&amp#27;[32mthe SQL should filter by employee_id and active employees&amp#27;[0m &amp#27;[90m# com.payroll.cucumber.SearchQueryHelperSteps.theSqlShouldFilterByEmployeeIdAndActiveEmployees()&amp#27;[0m
]]></system-out>
  </testcase>
  <testcase name="Name search SQL shape" classname="Search Employee Query Logic" time="0.005">
    <system-out><![CDATA[
Scenario: Name search SQL shape                                           &amp#27;[90m# features/search_employee.feature:22&amp#27;[0m
  &amp#27;[32mWhen &amp#27;[0m&amp#27;[32mI build the name search SQL&amp#27;[0m                                        &amp#27;[90m# com.payroll.cucumber.SearchQueryHelperSteps.iBuildTheNameSearchSql()&amp#27;[0m
  &amp#27;[32mThen &amp#27;[0m&amp#27;[32mthe SQL should filter by uppercase first name and active employees&amp#27;[0m &amp#27;[90m# com.payroll.cucumber.SearchQueryHelperSteps.theSqlShouldFilterByUppercaseFirstNameAndActiveEmployees()&amp#27;[0m
]]></system-out>
  </testcase>
</testsuite>